  [1m[35m (0.2ms)[0m  [1m[35mSET  @@SESSION.sql_mode = CONCAT(CONCAT(@@sql_mode, ',STRICT_ALL_TABLES'), ',NO_AUTO_VALUE_ON_ZERO'),  @@SESSION.sql_auto_is_null = 0, @@SESSION.wait_timeout = 2147483[0m
  ↳ /usr/local/bundle/bin/rake:23
  [1m[35m (1.2ms)[0m  [1m[35mCREATE DATABASE `sharetribe_development` DEFAULT CHARACTER SET `utf8`[0m
  ↳ /usr/local/bundle/bin/rake:23
  [1m[35m (0.7ms)[0m  [1m[35mSET  @@SESSION.sql_mode = CONCAT(CONCAT(@@sql_mode, ',STRICT_ALL_TABLES'), ',NO_AUTO_VALUE_ON_ZERO'),  @@SESSION.sql_auto_is_null = 0, @@SESSION.wait_timeout = 2147483[0m
  ↳ /usr/local/bundle/bin/rake:23
  [1m[35m (0.4ms)[0m  [1m[35mCREATE DATABASE `sharetribe_development` DEFAULT CHARACTER SET `utf8`[0m
  ↳ /usr/local/bundle/bin/rake:23
  [1m[35m (0.4ms)[0m  [1m[35mSET  @@SESSION.sql_mode = CONCAT(CONCAT(@@sql_mode, ',STRICT_ALL_TABLES'), ',NO_AUTO_VALUE_ON_ZERO'),  @@SESSION.sql_auto_is_null = 0, @@SESSION.wait_timeout = 2147483[0m
  ↳ /usr/local/bundle/bin/rake:23
  [1m[35m (0.2ms)[0m  [1m[35mCREATE DATABASE `sharetribe_development` DEFAULT CHARACTER SET `utf8`[0m
  ↳ /usr/local/bundle/bin/rake:23
  [1m[35m (0.2ms)[0m  [1m[35mSET  @@SESSION.sql_mode = CONCAT(CONCAT(@@sql_mode, ',STRICT_ALL_TABLES'), ',NO_AUTO_VALUE_ON_ZERO'),  @@SESSION.sql_auto_is_null = 0, @@SESSION.wait_timeout = 2147483[0m
  ↳ /usr/local/bundle/bin/rake:23
  [1m[35m (1.9ms)[0m  [1m[34mSELECT `schema_migrations`.`version` FROM `schema_migrations` ORDER BY `schema_migrations`.`version` ASC[0m
  ↳ /usr/local/bundle/bin/rake:23
  [1m[35m (0.4ms)[0m  [1m[34mSELECT `ar_internal_metadata`.`value` FROM `ar_internal_metadata` WHERE `ar_internal_metadata`.`key` = 'environment'[0m
  ↳ /usr/local/bundle/bin/rake:23
  [1m[35m (0.6ms)[0m  [1m[34mSELECT `schema_migrations`.`version` FROM `schema_migrations` ORDER BY `schema_migrations`.`version` ASC[0m
  ↳ /usr/local/bundle/bin/rake:23
  [1m[35m (0.2ms)[0m  [1m[34mSELECT `ar_internal_metadata`.`value` FROM `ar_internal_metadata` WHERE `ar_internal_metadata`.`key` = 'environment'[0m
  ↳ /usr/local/bundle/bin/rake:23
  [1m[35m (0.7ms)[0m  [1m[34mSELECT `schema_migrations`.`version` FROM `schema_migrations` ORDER BY `schema_migrations`.`version` ASC[0m
  ↳ /usr/local/bundle/bin/rake:23
  [1m[35m (0.2ms)[0m  [1m[34mSELECT `ar_internal_metadata`.`value` FROM `ar_internal_metadata` WHERE `ar_internal_metadata`.`key` = 'environment'[0m
  ↳ /usr/local/bundle/bin/rake:23
  [1m[35m (7.9ms)[0m  [1m[35mSET  @@SESSION.sql_mode = CONCAT(CONCAT(@@sql_mode, ',STRICT_ALL_TABLES'), ',NO_AUTO_VALUE_ON_ZERO'),  @@SESSION.sql_auto_is_null = 0, @@SESSION.wait_timeout = 2147483[0m
  ↳ /usr/local/bundle/bin/rake:23
  [1m[35m (0.4ms)[0m  [1m[35mCREATE DATABASE `sharetribe_development` DEFAULT CHARACTER SET `utf8`[0m
  ↳ /usr/local/bundle/bin/rake:23
  [1m[35m (0.5ms)[0m  [1m[35mSET  @@SESSION.sql_mode = CONCAT(CONCAT(@@sql_mode, ',STRICT_ALL_TABLES'), ',NO_AUTO_VALUE_ON_ZERO'),  @@SESSION.sql_auto_is_null = 0, @@SESSION.wait_timeout = 2147483[0m
  ↳ /usr/local/bundle/bin/rake:23
  [1m[35m (0.7ms)[0m  [1m[34mSELECT `schema_migrations`.`version` FROM `schema_migrations` ORDER BY `schema_migrations`.`version` ASC[0m
  ↳ /usr/local/bundle/bin/rake:23
  [1m[35m (0.2ms)[0m  [1m[34mSELECT `ar_internal_metadata`.`value` FROM `ar_internal_metadata` WHERE `ar_internal_metadata`.`key` = 'environment'[0m
  ↳ /usr/local/bundle/bin/rake:23
  [1m[35m (0.7ms)[0m  [1m[34mSELECT `schema_migrations`.`version` FROM `schema_migrations` ORDER BY `schema_migrations`.`version` ASC[0m
  ↳ /usr/local/bundle/bin/rake:23
  [1m[35m (0.2ms)[0m  [1m[34mSELECT `ar_internal_metadata`.`value` FROM `ar_internal_metadata` WHERE `ar_internal_metadata`.`key` = 'environment'[0m
  ↳ /usr/local/bundle/bin/rake:23
  [1m[35m (0.6ms)[0m  [1m[34mSELECT `schema_migrations`.`version` FROM `schema_migrations` ORDER BY `schema_migrations`.`version` ASC[0m
  ↳ /usr/local/bundle/bin/rake:23
  [1m[35m (0.2ms)[0m  [1m[34mSELECT `ar_internal_metadata`.`value` FROM `ar_internal_metadata` WHERE `ar_internal_metadata`.`key` = 'environment'[0m
  ↳ /usr/local/bundle/bin/rake:23
  [1m[35m (0.3ms)[0m  [1m[35mSET  @@SESSION.sql_mode = CONCAT(CONCAT(@@sql_mode, ',STRICT_ALL_TABLES'), ',NO_AUTO_VALUE_ON_ZERO'),  @@SESSION.sql_auto_is_null = 0, @@SESSION.wait_timeout = 2147483[0m
  ↳ bin/rails:14
  [1m[36mActiveRecord::InternalMetadata Load (0.2ms)[0m  [1m[34mSELECT  `ar_internal_metadata`.* FROM `ar_internal_metadata` WHERE `ar_internal_metadata`.`key` = 'environment' LIMIT 1[0m
  ↳ bin/rails:14
  [1m[35m (0.1ms)[0m  [1m[35mBEGIN[0m
  ↳ bin/rails:14
  [1m[36mActiveRecord::InternalMetadata Update (2.9ms)[0m  [1m[33mUPDATE `ar_internal_metadata` SET `value` = 'development', `updated_at` = '2020-06-29 07:39:51' WHERE `ar_internal_metadata`.`key` = 'environment'[0m
  ↳ bin/rails:14
  [1m[35m (4.8ms)[0m  [1m[35mCOMMIT[0m
  ↳ bin/rails:14
  [1m[35m (0.4ms)[0m  [1m[35mSET  @@SESSION.sql_mode = CONCAT(CONCAT(@@sql_mode, ',STRICT_ALL_TABLES'), ',NO_AUTO_VALUE_ON_ZERO'),  @@SESSION.sql_auto_is_null = 0, @@SESSION.wait_timeout = 2147483[0m
  ↳ /usr/local/bundle/bin/rake:23
  [1m[35m (0.3ms)[0m  [1m[35mCREATE DATABASE `sharetribe_development` DEFAULT CHARACTER SET `utf8`[0m
  ↳ /usr/local/bundle/bin/rake:23
  [1m[35m (0.4ms)[0m  [1m[35mSET  @@SESSION.sql_mode = CONCAT(CONCAT(@@sql_mode, ',STRICT_ALL_TABLES'), ',NO_AUTO_VALUE_ON_ZERO'),  @@SESSION.sql_auto_is_null = 0, @@SESSION.wait_timeout = 2147483[0m
  ↳ /usr/local/bundle/bin/rake:23
  [1m[35m (0.8ms)[0m  [1m[34mSELECT `schema_migrations`.`version` FROM `schema_migrations` ORDER BY `schema_migrations`.`version` ASC[0m
  ↳ /usr/local/bundle/bin/rake:23
  [1m[35m (0.3ms)[0m  [1m[34mSELECT `ar_internal_metadata`.`value` FROM `ar_internal_metadata` WHERE `ar_internal_metadata`.`key` = 'environment'[0m
  ↳ /usr/local/bundle/bin/rake:23
  [1m[35m (0.7ms)[0m  [1m[34mSELECT `schema_migrations`.`version` FROM `schema_migrations` ORDER BY `schema_migrations`.`version` ASC[0m
  ↳ /usr/local/bundle/bin/rake:23
  [1m[35m (0.2ms)[0m  [1m[34mSELECT `ar_internal_metadata`.`value` FROM `ar_internal_metadata` WHERE `ar_internal_metadata`.`key` = 'environment'[0m
  ↳ /usr/local/bundle/bin/rake:23
  [1m[35m (0.7ms)[0m  [1m[34mSELECT `schema_migrations`.`version` FROM `schema_migrations` ORDER BY `schema_migrations`.`version` ASC[0m
  ↳ /usr/local/bundle/bin/rake:23
  [1m[35m (0.2ms)[0m  [1m[34mSELECT `ar_internal_metadata`.`value` FROM `ar_internal_metadata` WHERE `ar_internal_metadata`.`key` = 'environment'[0m
  ↳ /usr/local/bundle/bin/rake:23
  [1m[35m (0.8ms)[0m  [1m[35mSET  @@SESSION.sql_mode = CONCAT(CONCAT(@@sql_mode, ',STRICT_ALL_TABLES'), ',NO_AUTO_VALUE_ON_ZERO'),  @@SESSION.sql_auto_is_null = 0, @@SESSION.wait_timeout = 2147483[0m
  ↳ /opt/app/engines/donalo/spec/rails_helper.rb:28
  [1m[35m (0.7ms)[0m  [1m[34mSELECT `schema_migrations`.`version` FROM `schema_migrations` ORDER BY `schema_migrations`.`version` ASC[0m
  ↳ /opt/app/engines/donalo/spec/rails_helper.rb:28
  [1m[35m (1.0ms)[0m  [1m[35mSET  @@SESSION.sql_mode = CONCAT(CONCAT(@@sql_mode, ',STRICT_ALL_TABLES'), ',NO_AUTO_VALUE_ON_ZERO'),  @@SESSION.sql_auto_is_null = 0, @@SESSION.wait_timeout = 2147483[0m
  ↳ bin/rails:4
  [1m[35m (0.7ms)[0m  [1m[34mSELECT `schema_migrations`.`version` FROM `schema_migrations` ORDER BY `schema_migrations`.`version` ASC[0m
  ↳ bin/rails:4
  [1m[35m (0.2ms)[0m  [1m[34mSELECT `ar_internal_metadata`.`value` FROM `ar_internal_metadata` WHERE `ar_internal_metadata`.`key` = 'environment'[0m
  ↳ bin/rails:4
  [1m[35m (0.7ms)[0m  [1m[34mSELECT `schema_migrations`.`version` FROM `schema_migrations` ORDER BY `schema_migrations`.`version` ASC[0m
  ↳ bin/rails:4
  [1m[35m (0.2ms)[0m  [1m[34mSELECT `ar_internal_metadata`.`value` FROM `ar_internal_metadata` WHERE `ar_internal_metadata`.`key` = 'environment'[0m
  ↳ bin/rails:4
  [1m[35m (0.6ms)[0m  [1m[34mSELECT `schema_migrations`.`version` FROM `schema_migrations` ORDER BY `schema_migrations`.`version` ASC[0m
  ↳ bin/rails:4
  [1m[35m (0.2ms)[0m  [1m[34mSELECT `ar_internal_metadata`.`value` FROM `ar_internal_metadata` WHERE `ar_internal_metadata`.`key` = 'environment'[0m
  ↳ bin/rails:4
  [1m[35m (0.8ms)[0m  [1m[35mSET  @@SESSION.sql_mode = CONCAT(CONCAT(@@sql_mode, ',STRICT_ALL_TABLES'), ',NO_AUTO_VALUE_ON_ZERO'),  @@SESSION.sql_auto_is_null = 0, @@SESSION.wait_timeout = 2147483[0m
  ↳ /opt/app/engines/donalo/spec/rails_helper.rb:28
  [1m[35m (1.4ms)[0m  [1m[34mSELECT `schema_migrations`.`version` FROM `schema_migrations` ORDER BY `schema_migrations`.`version` ASC[0m
  ↳ /opt/app/engines/donalo/spec/rails_helper.rb:28
  [1m[35m (0.6ms)[0m  [1m[35mSET  @@SESSION.sql_mode = CONCAT(CONCAT(@@sql_mode, ',STRICT_ALL_TABLES'), ',NO_AUTO_VALUE_ON_ZERO'),  @@SESSION.sql_auto_is_null = 0, @@SESSION.wait_timeout = 2147483[0m
  ↳ /opt/app/engines/donalo/spec/rails_helper.rb:28
  [1m[35m (0.7ms)[0m  [1m[34mSELECT `schema_migrations`.`version` FROM `schema_migrations` ORDER BY `schema_migrations`.`version` ASC[0m
  ↳ /opt/app/engines/donalo/spec/rails_helper.rb:28
  [1m[35m (1.0ms)[0m  [1m[35mSET  @@SESSION.sql_mode = CONCAT(CONCAT(@@sql_mode, ',STRICT_ALL_TABLES'), ',NO_AUTO_VALUE_ON_ZERO'),  @@SESSION.sql_auto_is_null = 0, @@SESSION.wait_timeout = 2147483[0m
  ↳ bin/rails:4
  [1m[35m (0.7ms)[0m  [1m[34mSELECT `schema_migrations`.`version` FROM `schema_migrations` ORDER BY `schema_migrations`.`version` ASC[0m
  ↳ bin/rails:4
  [1m[35m (0.2ms)[0m  [1m[34mSELECT `ar_internal_metadata`.`value` FROM `ar_internal_metadata` WHERE `ar_internal_metadata`.`key` = 'environment'[0m
  ↳ bin/rails:4
  [1m[35m (0.7ms)[0m  [1m[34mSELECT `schema_migrations`.`version` FROM `schema_migrations` ORDER BY `schema_migrations`.`version` ASC[0m
  ↳ bin/rails:4
  [1m[35m (0.2ms)[0m  [1m[34mSELECT `ar_internal_metadata`.`value` FROM `ar_internal_metadata` WHERE `ar_internal_metadata`.`key` = 'environment'[0m
  ↳ bin/rails:4
  [1m[35m (0.6ms)[0m  [1m[34mSELECT `schema_migrations`.`version` FROM `schema_migrations` ORDER BY `schema_migrations`.`version` ASC[0m
  ↳ bin/rails:4
  [1m[35m (0.2ms)[0m  [1m[34mSELECT `ar_internal_metadata`.`value` FROM `ar_internal_metadata` WHERE `ar_internal_metadata`.`key` = 'environment'[0m
  ↳ bin/rails:4
  [1m[35m (0.5ms)[0m  [1m[35mSET  @@SESSION.sql_mode = CONCAT(CONCAT(@@sql_mode, ',STRICT_ALL_TABLES'), ',NO_AUTO_VALUE_ON_ZERO'),  @@SESSION.sql_auto_is_null = 0, @@SESSION.wait_timeout = 2147483[0m
  ↳ /opt/app/engines/donalo/spec/rails_helper.rb:28
  [1m[35m (0.8ms)[0m  [1m[34mSELECT `schema_migrations`.`version` FROM `schema_migrations` ORDER BY `schema_migrations`.`version` ASC[0m
  ↳ /opt/app/engines/donalo/spec/rails_helper.rb:28
  [1m[35m (0.5ms)[0m  [1m[35mSET  @@SESSION.sql_mode = CONCAT(CONCAT(@@sql_mode, ',STRICT_ALL_TABLES'), ',NO_AUTO_VALUE_ON_ZERO'),  @@SESSION.sql_auto_is_null = 0, @@SESSION.wait_timeout = 2147483[0m
  ↳ /opt/app/engines/donalo/spec/rails_helper.rb:28
  [1m[35m (0.7ms)[0m  [1m[34mSELECT `schema_migrations`.`version` FROM `schema_migrations` ORDER BY `schema_migrations`.`version` ASC[0m
  ↳ /opt/app/engines/donalo/spec/rails_helper.rb:28
  [1m[35m (0.5ms)[0m  [1m[35mSET  @@SESSION.sql_mode = CONCAT(CONCAT(@@sql_mode, ',STRICT_ALL_TABLES'), ',NO_AUTO_VALUE_ON_ZERO'),  @@SESSION.sql_auto_is_null = 0, @@SESSION.wait_timeout = 2147483[0m
  ↳ bin/rails:4
  [1m[35m (0.7ms)[0m  [1m[34mSELECT `schema_migrations`.`version` FROM `schema_migrations` ORDER BY `schema_migrations`.`version` ASC[0m
  ↳ bin/rails:4
  [1m[35m (0.2ms)[0m  [1m[34mSELECT `ar_internal_metadata`.`value` FROM `ar_internal_metadata` WHERE `ar_internal_metadata`.`key` = 'environment'[0m
  ↳ bin/rails:4
  [1m[35m (0.7ms)[0m  [1m[34mSELECT `schema_migrations`.`version` FROM `schema_migrations` ORDER BY `schema_migrations`.`version` ASC[0m
  ↳ bin/rails:4
  [1m[35m (0.2ms)[0m  [1m[34mSELECT `ar_internal_metadata`.`value` FROM `ar_internal_metadata` WHERE `ar_internal_metadata`.`key` = 'environment'[0m
  ↳ bin/rails:4
  [1m[35m (0.7ms)[0m  [1m[34mSELECT `schema_migrations`.`version` FROM `schema_migrations` ORDER BY `schema_migrations`.`version` ASC[0m
  ↳ bin/rails:4
  [1m[35m (0.2ms)[0m  [1m[34mSELECT `ar_internal_metadata`.`value` FROM `ar_internal_metadata` WHERE `ar_internal_metadata`.`key` = 'environment'[0m
  ↳ bin/rails:4
  [1m[35m (3.7ms)[0m  [1m[35mSET  @@SESSION.sql_mode = CONCAT(CONCAT(@@sql_mode, ',STRICT_ALL_TABLES'), ',NO_AUTO_VALUE_ON_ZERO'),  @@SESSION.sql_auto_is_null = 0, @@SESSION.wait_timeout = 2147483[0m
  ↳ /opt/app/engines/donalo/spec/rails_helper.rb:28
  [1m[35m (2.4ms)[0m  [1m[34mSELECT `schema_migrations`.`version` FROM `schema_migrations` ORDER BY `schema_migrations`.`version` ASC[0m
  ↳ /opt/app/engines/donalo/spec/rails_helper.rb:28
  [1m[35m (0.3ms)[0m  [1m[35mBEGIN[0m
  ↳ /usr/local/bundle/bin/rspec:23
  [1m[35m (0.2ms)[0m  [1m[31mROLLBACK[0m
  ↳ /usr/local/bundle/bin/rspec:23
  [1m[35m (0.6ms)[0m  [1m[35mSET  @@SESSION.sql_mode = CONCAT(CONCAT(@@sql_mode, ',STRICT_ALL_TABLES'), ',NO_AUTO_VALUE_ON_ZERO'),  @@SESSION.sql_auto_is_null = 0, @@SESSION.wait_timeout = 2147483[0m
  ↳ /opt/app/engines/donalo/spec/rails_helper.rb:28
  [1m[35m (0.7ms)[0m  [1m[34mSELECT `schema_migrations`.`version` FROM `schema_migrations` ORDER BY `schema_migrations`.`version` ASC[0m
  ↳ /opt/app/engines/donalo/spec/rails_helper.rb:28
  [1m[35m (0.7ms)[0m  [1m[35mSET  @@SESSION.sql_mode = CONCAT(CONCAT(@@sql_mode, ',STRICT_ALL_TABLES'), ',NO_AUTO_VALUE_ON_ZERO'),  @@SESSION.sql_auto_is_null = 0, @@SESSION.wait_timeout = 2147483[0m
  ↳ bin/rails:4
  [1m[35m (0.7ms)[0m  [1m[34mSELECT `schema_migrations`.`version` FROM `schema_migrations` ORDER BY `schema_migrations`.`version` ASC[0m
  ↳ bin/rails:4
  [1m[35m (0.2ms)[0m  [1m[34mSELECT `ar_internal_metadata`.`value` FROM `ar_internal_metadata` WHERE `ar_internal_metadata`.`key` = 'environment'[0m
  ↳ bin/rails:4
  [1m[35m (0.7ms)[0m  [1m[34mSELECT `schema_migrations`.`version` FROM `schema_migrations` ORDER BY `schema_migrations`.`version` ASC[0m
  ↳ bin/rails:4
  [1m[35m (0.2ms)[0m  [1m[34mSELECT `ar_internal_metadata`.`value` FROM `ar_internal_metadata` WHERE `ar_internal_metadata`.`key` = 'environment'[0m
  ↳ bin/rails:4
  [1m[35m (0.6ms)[0m  [1m[34mSELECT `schema_migrations`.`version` FROM `schema_migrations` ORDER BY `schema_migrations`.`version` ASC[0m
  ↳ bin/rails:4
  [1m[35m (0.2ms)[0m  [1m[34mSELECT `ar_internal_metadata`.`value` FROM `ar_internal_metadata` WHERE `ar_internal_metadata`.`key` = 'environment'[0m
  ↳ bin/rails:4
  [1m[35m (1.3ms)[0m  [1m[35mSET  @@SESSION.sql_mode = CONCAT(CONCAT(@@sql_mode, ',STRICT_ALL_TABLES'), ',NO_AUTO_VALUE_ON_ZERO'),  @@SESSION.sql_auto_is_null = 0, @@SESSION.wait_timeout = 2147483[0m
  ↳ /opt/app/engines/donalo/spec/rails_helper.rb:28
  [1m[35m (0.8ms)[0m  [1m[34mSELECT `schema_migrations`.`version` FROM `schema_migrations` ORDER BY `schema_migrations`.`version` ASC[0m
  ↳ /opt/app/engines/donalo/spec/rails_helper.rb:28
  [1m[35m (0.7ms)[0m  [1m[35mSET  @@SESSION.sql_mode = CONCAT(CONCAT(@@sql_mode, ',STRICT_ALL_TABLES'), ',NO_AUTO_VALUE_ON_ZERO'),  @@SESSION.sql_auto_is_null = 0, @@SESSION.wait_timeout = 2147483[0m
  ↳ /opt/app/engines/donalo/spec/rails_helper.rb:28
  [1m[35m (0.7ms)[0m  [1m[34mSELECT `schema_migrations`.`version` FROM `schema_migrations` ORDER BY `schema_migrations`.`version` ASC[0m
  ↳ /opt/app/engines/donalo/spec/rails_helper.rb:28
  [1m[35m (0.6ms)[0m  [1m[35mSET  @@SESSION.sql_mode = CONCAT(CONCAT(@@sql_mode, ',STRICT_ALL_TABLES'), ',NO_AUTO_VALUE_ON_ZERO'),  @@SESSION.sql_auto_is_null = 0, @@SESSION.wait_timeout = 2147483[0m
  ↳ bin/rails:4
  [1m[35m (0.7ms)[0m  [1m[34mSELECT `schema_migrations`.`version` FROM `schema_migrations` ORDER BY `schema_migrations`.`version` ASC[0m
  ↳ bin/rails:4
  [1m[35m (0.2ms)[0m  [1m[34mSELECT `ar_internal_metadata`.`value` FROM `ar_internal_metadata` WHERE `ar_internal_metadata`.`key` = 'environment'[0m
  ↳ bin/rails:4
  [1m[35m (0.7ms)[0m  [1m[34mSELECT `schema_migrations`.`version` FROM `schema_migrations` ORDER BY `schema_migrations`.`version` ASC[0m
  ↳ bin/rails:4
  [1m[35m (0.2ms)[0m  [1m[34mSELECT `ar_internal_metadata`.`value` FROM `ar_internal_metadata` WHERE `ar_internal_metadata`.`key` = 'environment'[0m
  ↳ bin/rails:4
  [1m[35m (0.6ms)[0m  [1m[34mSELECT `schema_migrations`.`version` FROM `schema_migrations` ORDER BY `schema_migrations`.`version` ASC[0m
  ↳ bin/rails:4
  [1m[35m (0.2ms)[0m  [1m[34mSELECT `ar_internal_metadata`.`value` FROM `ar_internal_metadata` WHERE `ar_internal_metadata`.`key` = 'environment'[0m
  ↳ bin/rails:4
  [1m[35m (3.5ms)[0m  [1m[35mSET  @@SESSION.sql_mode = CONCAT(CONCAT(@@sql_mode, ',STRICT_ALL_TABLES'), ',NO_AUTO_VALUE_ON_ZERO'),  @@SESSION.sql_auto_is_null = 0, @@SESSION.wait_timeout = 2147483[0m
  ↳ /opt/app/engines/donalo/spec/rails_helper.rb:28
  [1m[35m (1.8ms)[0m  [1m[34mSELECT `schema_migrations`.`version` FROM `schema_migrations` ORDER BY `schema_migrations`.`version` ASC[0m
  ↳ /opt/app/engines/donalo/spec/rails_helper.rb:28
  [1m[35m (0.5ms)[0m  [1m[35mSET  @@SESSION.sql_mode = CONCAT(CONCAT(@@sql_mode, ',STRICT_ALL_TABLES'), ',NO_AUTO_VALUE_ON_ZERO'),  @@SESSION.sql_auto_is_null = 0, @@SESSION.wait_timeout = 2147483[0m
  ↳ /opt/app/engines/donalo/spec/rails_helper.rb:28
  [1m[35m (0.7ms)[0m  [1m[34mSELECT `schema_migrations`.`version` FROM `schema_migrations` ORDER BY `schema_migrations`.`version` ASC[0m
  ↳ /opt/app/engines/donalo/spec/rails_helper.rb:28
  [1m[35m (3.3ms)[0m  [1m[35mSET  @@SESSION.sql_mode = CONCAT(CONCAT(@@sql_mode, ',STRICT_ALL_TABLES'), ',NO_AUTO_VALUE_ON_ZERO'),  @@SESSION.sql_auto_is_null = 0, @@SESSION.wait_timeout = 2147483[0m
  ↳ bin/rails:4
  [1m[35m (0.7ms)[0m  [1m[34mSELECT `schema_migrations`.`version` FROM `schema_migrations` ORDER BY `schema_migrations`.`version` ASC[0m
  ↳ bin/rails:4
  [1m[35m (0.2ms)[0m  [1m[34mSELECT `ar_internal_metadata`.`value` FROM `ar_internal_metadata` WHERE `ar_internal_metadata`.`key` = 'environment'[0m
  ↳ bin/rails:4
  [1m[35m (0.7ms)[0m  [1m[34mSELECT `schema_migrations`.`version` FROM `schema_migrations` ORDER BY `schema_migrations`.`version` ASC[0m
  ↳ bin/rails:4
  [1m[35m (0.2ms)[0m  [1m[34mSELECT `ar_internal_metadata`.`value` FROM `ar_internal_metadata` WHERE `ar_internal_metadata`.`key` = 'environment'[0m
  ↳ bin/rails:4
  [1m[35m (0.6ms)[0m  [1m[34mSELECT `schema_migrations`.`version` FROM `schema_migrations` ORDER BY `schema_migrations`.`version` ASC[0m
  ↳ bin/rails:4
  [1m[35m (0.2ms)[0m  [1m[34mSELECT `ar_internal_metadata`.`value` FROM `ar_internal_metadata` WHERE `ar_internal_metadata`.`key` = 'environment'[0m
  ↳ bin/rails:4
  [1m[35m (0.6ms)[0m  [1m[35mSET  @@SESSION.sql_mode = CONCAT(CONCAT(@@sql_mode, ',STRICT_ALL_TABLES'), ',NO_AUTO_VALUE_ON_ZERO'),  @@SESSION.sql_auto_is_null = 0, @@SESSION.wait_timeout = 2147483[0m
  ↳ /opt/app/engines/donalo/spec/rails_helper.rb:28
  [1m[35m (0.7ms)[0m  [1m[34mSELECT `schema_migrations`.`version` FROM `schema_migrations` ORDER BY `schema_migrations`.`version` ASC[0m
  ↳ /opt/app/engines/donalo/spec/rails_helper.rb:28
  [1m[35m (0.2ms)[0m  [1m[35mBEGIN[0m
  ↳ /usr/local/bundle/bin/rspec:23
  [1m[35m (0.2ms)[0m  [1m[31mROLLBACK[0m
  ↳ /usr/local/bundle/bin/rspec:23
  [1m[35m (8.4ms)[0m  [1m[35mSET  @@SESSION.sql_mode = CONCAT(CONCAT(@@sql_mode, ',STRICT_ALL_TABLES'), ',NO_AUTO_VALUE_ON_ZERO'),  @@SESSION.sql_auto_is_null = 0, @@SESSION.wait_timeout = 2147483[0m
  ↳ /opt/app/engines/donalo/spec/rails_helper.rb:28
  [1m[35m (0.7ms)[0m  [1m[34mSELECT `schema_migrations`.`version` FROM `schema_migrations` ORDER BY `schema_migrations`.`version` ASC[0m
  ↳ /opt/app/engines/donalo/spec/rails_helper.rb:28
  [1m[35m (0.5ms)[0m  [1m[35mSET  @@SESSION.sql_mode = CONCAT(CONCAT(@@sql_mode, ',STRICT_ALL_TABLES'), ',NO_AUTO_VALUE_ON_ZERO'),  @@SESSION.sql_auto_is_null = 0, @@SESSION.wait_timeout = 2147483[0m
  ↳ bin/rails:4
  [1m[35m (0.7ms)[0m  [1m[34mSELECT `schema_migrations`.`version` FROM `schema_migrations` ORDER BY `schema_migrations`.`version` ASC[0m
  ↳ bin/rails:4
  [1m[35m (0.2ms)[0m  [1m[34mSELECT `ar_internal_metadata`.`value` FROM `ar_internal_metadata` WHERE `ar_internal_metadata`.`key` = 'environment'[0m
  ↳ bin/rails:4
  [1m[35m (0.6ms)[0m  [1m[34mSELECT `schema_migrations`.`version` FROM `schema_migrations` ORDER BY `schema_migrations`.`version` ASC[0m
  ↳ bin/rails:4
  [1m[35m (0.2ms)[0m  [1m[34mSELECT `ar_internal_metadata`.`value` FROM `ar_internal_metadata` WHERE `ar_internal_metadata`.`key` = 'environment'[0m
  ↳ bin/rails:4
  [1m[35m (0.6ms)[0m  [1m[34mSELECT `schema_migrations`.`version` FROM `schema_migrations` ORDER BY `schema_migrations`.`version` ASC[0m
  ↳ bin/rails:4
  [1m[35m (0.3ms)[0m  [1m[34mSELECT `ar_internal_metadata`.`value` FROM `ar_internal_metadata` WHERE `ar_internal_metadata`.`key` = 'environment'[0m
  ↳ bin/rails:4
  [1m[35m (0.6ms)[0m  [1m[35mSET  @@SESSION.sql_mode = CONCAT(CONCAT(@@sql_mode, ',STRICT_ALL_TABLES'), ',NO_AUTO_VALUE_ON_ZERO'),  @@SESSION.sql_auto_is_null = 0, @@SESSION.wait_timeout = 2147483[0m
  ↳ /opt/app/engines/donalo/spec/rails_helper.rb:28
  [1m[35m (0.7ms)[0m  [1m[34mSELECT `schema_migrations`.`version` FROM `schema_migrations` ORDER BY `schema_migrations`.`version` ASC[0m
  ↳ /opt/app/engines/donalo/spec/rails_helper.rb:28
  [1m[35m (0.3ms)[0m  [1m[35mBEGIN[0m
  ↳ /usr/local/bundle/bin/rspec:23
  [1m[35m (0.3ms)[0m  [1m[31mROLLBACK[0m
  ↳ /usr/local/bundle/bin/rspec:23
  [1m[35m (0.3ms)[0m  [1m[35mSET  @@SESSION.sql_mode = CONCAT(CONCAT(@@sql_mode, ',STRICT_ALL_TABLES'), ',NO_AUTO_VALUE_ON_ZERO'),  @@SESSION.sql_auto_is_null = 0, @@SESSION.wait_timeout = 2147483[0m
  ↳ /opt/app/engines/donalo/spec/rails_helper.rb:28
  [1m[35m (1.0ms)[0m  [1m[34mSELECT `schema_migrations`.`version` FROM `schema_migrations` ORDER BY `schema_migrations`.`version` ASC[0m
  ↳ /opt/app/engines/donalo/spec/rails_helper.rb:28
  [1m[35m (0.8ms)[0m  [1m[35mSET  @@SESSION.sql_mode = CONCAT(CONCAT(@@sql_mode, ',STRICT_ALL_TABLES'), ',NO_AUTO_VALUE_ON_ZERO'),  @@SESSION.sql_auto_is_null = 0, @@SESSION.wait_timeout = 2147483[0m
  ↳ bin/rails:4
  [1m[35m (0.7ms)[0m  [1m[34mSELECT `schema_migrations`.`version` FROM `schema_migrations` ORDER BY `schema_migrations`.`version` ASC[0m
  ↳ bin/rails:4
  [1m[35m (0.2ms)[0m  [1m[34mSELECT `ar_internal_metadata`.`value` FROM `ar_internal_metadata` WHERE `ar_internal_metadata`.`key` = 'environment'[0m
  ↳ bin/rails:4
  [1m[35m (0.7ms)[0m  [1m[34mSELECT `schema_migrations`.`version` FROM `schema_migrations` ORDER BY `schema_migrations`.`version` ASC[0m
  ↳ bin/rails:4
  [1m[35m (0.2ms)[0m  [1m[34mSELECT `ar_internal_metadata`.`value` FROM `ar_internal_metadata` WHERE `ar_internal_metadata`.`key` = 'environment'[0m
  ↳ bin/rails:4
  [1m[35m (0.6ms)[0m  [1m[34mSELECT `schema_migrations`.`version` FROM `schema_migrations` ORDER BY `schema_migrations`.`version` ASC[0m
  ↳ bin/rails:4
  [1m[35m (0.2ms)[0m  [1m[34mSELECT `ar_internal_metadata`.`value` FROM `ar_internal_metadata` WHERE `ar_internal_metadata`.`key` = 'environment'[0m
  ↳ bin/rails:4
  [1m[35m (0.4ms)[0m  [1m[35mSET  @@SESSION.sql_mode = CONCAT(CONCAT(@@sql_mode, ',STRICT_ALL_TABLES'), ',NO_AUTO_VALUE_ON_ZERO'),  @@SESSION.sql_auto_is_null = 0, @@SESSION.wait_timeout = 2147483[0m
  ↳ /opt/app/engines/donalo/spec/rails_helper.rb:28
  [1m[35m (0.7ms)[0m  [1m[34mSELECT `schema_migrations`.`version` FROM `schema_migrations` ORDER BY `schema_migrations`.`version` ASC[0m
  ↳ /opt/app/engines/donalo/spec/rails_helper.rb:28
  [1m[35m (0.1ms)[0m  [1m[35mBEGIN[0m
  ↳ /usr/local/bundle/bin/rspec:23
  [1m[35m (0.2ms)[0m  [1m[31mROLLBACK[0m
  ↳ /usr/local/bundle/bin/rspec:23
