WARNING: You're using the Ruby-based MySQL library that ships with Rails. This library is not suited for production. Please install the C-based MySQL library instead (gem install mysql).
  [4;36;1mSQL (0.000254)[0m   [0;1mSET SQL_AUTO_IS_NULL=0[0m
  [4;35;1mSQL (0.000565)[0m   [0mSHOW TABLES[0m
  [4;36;1mSQL (0.018780)[0m   [0;1mCREATE TABLE `schema_migrations` (`version` varchar(255) NOT NULL) ENGINE=InnoDB[0m
  [4;35;1mSQL (0.006837)[0m   [0mCREATE UNIQUE INDEX `unique_schema_migrations` ON `schema_migrations` (`version`)[0m
  [4;36;1mSQL (0.000867)[0m   [0;1mSHOW TABLES[0m
  [4;35;1mSQL (0.000892)[0m   [0mSELECT version FROM schema_migrations[0m
Migrating to CreateItems (20080806070738)
  [4;36;1mSQL (0.000292)[0m   [0;1mSELECT version FROM schema_migrations[0m
WARNING: You're using the Ruby-based MySQL library that ships with Rails. This library is not suited for production. Please install the C-based MySQL library instead (gem install mysql).
  [4;36;1mSQL (0.000182)[0m   [0;1mSET SQL_AUTO_IS_NULL=0[0m
  [4;35;1mSQL (0.000525)[0m   [0mSHOW TABLES[0m
  [4;36;1mSQL (0.000663)[0m   [0;1mSELECT version FROM schema_migrations[0m
Migrating to CreateItems (20080806070738)
  [4;35;1mSQL (0.000406)[0m   [0mSELECT version FROM schema_migrations[0m
  [4;36;1mSQL (0.003472)[0m   [0;1mCREATE TABLE `items` (`id` int(11) DEFAULT NULL auto_increment PRIMARY KEY, `owner_id` int(11) DEFAULT NULL NULL, `title` varchar(255) DEFAULT NULL NULL, `created_at` datetime DEFAULT NULL NULL, `updated_at` datetime DEFAULT NULL NULL) ENGINE=InnoDB[0m
  [4;35;1mSQL (0.000847)[0m   [0mINSERT INTO schema_migrations (version) VALUES ('20080806070738')[0m
  [4;36;1mSQL (0.000448)[0m   [0;1mSELECT version FROM schema_migrations[0m
  [4;35;1mSQL (0.000524)[0m   [0mSHOW TABLES[0m
  [4;36;1mSQL (0.003116)[0m   [0;1mSHOW FIELDS FROM `items`[0m
  [4;35;1mSQL (0.002117)[0m   [0mdescribe `items`[0m
  [4;36;1mSQL (0.001078)[0m   [0;1mSHOW KEYS FROM `items`[0m
WARNING: You're using the Ruby-based MySQL library that ships with Rails. This library is not suited for production. Please install the C-based MySQL library instead (gem install mysql).
  [4;36;1mSQL (0.000207)[0m   [0;1mSET SQL_AUTO_IS_NULL=0[0m
  [4;35;1mSQL (0.000676)[0m   [0mSHOW TABLES[0m
  [4;36;1mSQL (0.000471)[0m   [0;1mSELECT version FROM schema_migrations[0m
  [4;35;1mSQL (0.000480)[0m   [0mSHOW TABLES[0m
  [4;36;1mSQL (0.000370)[0m   [0;1mSELECT version FROM schema_migrations[0m
Migrating to CreateItems (20080806070738)
  [4;35;1mSQL (0.000253)[0m   [0mSELECT version FROM schema_migrations[0m
  [4;36;1mSQL (0.002014)[0m   [0;1mDROP TABLE `items`[0m
  [4;35;1mSQL (0.000955)[0m   [0mDELETE FROM schema_migrations WHERE version = '20080806070738'[0m
  [4;36;1mSQL (0.000446)[0m   [0;1mSELECT version FROM schema_migrations[0m
  [4;35;1mSQL (0.000537)[0m   [0mSHOW TABLES[0m
WARNING: You're using the Ruby-based MySQL library that ships with Rails. This library is not suited for production. Please install the C-based MySQL library instead (gem install mysql).
  [4;36;1mSQL (0.000175)[0m   [0;1mSET SQL_AUTO_IS_NULL=0[0m
  [4;35;1mSQL (0.000543)[0m   [0mSHOW TABLES[0m
  [4;36;1mSQL (0.000662)[0m   [0;1mSELECT version FROM schema_migrations[0m
Migrating to CreateItems (20080806070738)
  [4;35;1mSQL (0.000409)[0m   [0mSELECT version FROM schema_migrations[0m
  [4;36;1mSQL (0.002716)[0m   [0;1mCREATE TABLE `items` (`id` int(11) DEFAULT NULL auto_increment PRIMARY KEY, `owner_id` varchar(255) DEFAULT NULL NULL, `title` varchar(255) DEFAULT NULL NULL, `created_at` datetime DEFAULT NULL NULL, `updated_at` datetime DEFAULT NULL NULL) ENGINE=InnoDB[0m
  [4;35;1mSQL (0.000842)[0m   [0mINSERT INTO schema_migrations (version) VALUES ('20080806070738')[0m
  [4;36;1mSQL (0.000471)[0m   [0;1mSELECT version FROM schema_migrations[0m
  [4;35;1mSQL (0.000579)[0m   [0mSHOW TABLES[0m
  [4;36;1mSQL (0.003735)[0m   [0;1mSHOW FIELDS FROM `items`[0m
  [4;35;1mSQL (0.002528)[0m   [0mdescribe `items`[0m
  [4;36;1mSQL (0.001402)[0m   [0;1mSHOW KEYS FROM `items`[0m
WARNING: You're using the Ruby-based MySQL library that ships with Rails. This library is not suited for production. Please install the C-based MySQL library instead (gem install mysql).
  [4;36;1mSQL (0.000181)[0m   [0;1mSET SQL_AUTO_IS_NULL=0[0m
  [4;35;1mSQL (0.000585)[0m   [0mSHOW TABLES[0m
  [4;36;1mSQL (0.000358)[0m   [0;1mSELECT version FROM schema_migrations[0m
  [4;35;1mSQL (0.000515)[0m   [0mSELECT version FROM schema_migrations[0m
  [4;36;1mSQL (0.000739)[0m   [0;1mSHOW TABLES[0m
  [4;35;1mSQL (0.002464)[0m   [0mSHOW FIELDS FROM `items`[0m
  [4;36;1mSQL (0.002496)[0m   [0;1mdescribe `items`[0m
  [4;35;1mSQL (0.001382)[0m   [0mSHOW KEYS FROM `items`[0m
WARNING: You're using the Ruby-based MySQL library that ships with Rails. This library is not suited for production. Please install the C-based MySQL library instead (gem install mysql).
  [4;36;1mSQL (0.000195)[0m   [0;1mSET SQL_AUTO_IS_NULL=0[0m
  [4;35;1mSQL (0.000576)[0m   [0mSHOW TABLES[0m
  [4;36;1mSQL (0.000362)[0m   [0;1mSELECT version FROM schema_migrations[0m
  [4;35;1mSQL (0.000454)[0m   [0mSELECT version FROM schema_migrations[0m
  [4;36;1mSQL (0.000523)[0m   [0;1mSHOW TABLES[0m
  [4;35;1mSQL (0.001996)[0m   [0mSHOW FIELDS FROM `items`[0m
  [4;36;1mSQL (0.002293)[0m   [0;1mdescribe `items`[0m
  [4;35;1mSQL (0.002965)[0m   [0mSHOW KEYS FROM `items`[0m
WARNING: You're using the Ruby-based MySQL library that ships with Rails. This library is not suited for production. Please install the C-based MySQL library instead (gem install mysql).
  [4;36;1mSQL (0.000181)[0m   [0;1mSET SQL_AUTO_IS_NULL=0[0m
  [4;35;1mSQL (0.000584)[0m   [0mSHOW TABLES[0m
  [4;36;1mSQL (0.000361)[0m   [0;1mSELECT version FROM schema_migrations[0m
  [4;35;1mSQL (0.000614)[0m   [0mSELECT version FROM schema_migrations[0m
  [4;36;1mSQL (0.000654)[0m   [0;1mSHOW TABLES[0m
  [4;35;1mSQL (0.002575)[0m   [0mSHOW FIELDS FROM `items`[0m
  [4;36;1mSQL (0.002315)[0m   [0;1mdescribe `items`[0m
  [4;35;1mSQL (0.001386)[0m   [0mSHOW KEYS FROM `items`[0m
  [4;36;1mSQL (0.000216)[0m   [0;1mSET SQL_AUTO_IS_NULL=0[0m
  [4;35;1mSQL (0.000548)[0m   [0mDROP DATABASE IF EXISTS `kassi_test`[0m
  [4;36;1mSQL (0.054444)[0m   [0;1mCREATE DATABASE `kassi_test` DEFAULT CHARACTER SET `utf8`[0m
  [4;35;1mSQL (0.000222)[0m   [0mSET SQL_AUTO_IS_NULL=0[0m
  [4;36;1mSQL (0.000640)[0m   [0;1mSHOW TABLES[0m
  [4;35;1mSQL (0.018096)[0m   [0mCREATE TABLE `items` (`id` int(11) DEFAULT NULL auto_increment PRIMARY KEY, `owner_id` varchar(255) DEFAULT NULL NULL, `title` varchar(255) DEFAULT NULL NULL, `created_at` datetime DEFAULT NULL NULL, `updated_at` datetime DEFAULT NULL NULL) ENGINE=InnoDB[0m
  [4;36;1mSQL (0.000987)[0m   [0;1mSHOW TABLES[0m
  [4;35;1mSQL (0.002974)[0m   [0mCREATE TABLE `schema_migrations` (`version` varchar(255) NOT NULL) ENGINE=InnoDB[0m
  [4;36;1mSQL (0.005985)[0m   [0;1mCREATE UNIQUE INDEX `unique_schema_migrations` ON `schema_migrations` (`version`)[0m
  [4;35;1mSQL (0.000746)[0m   [0mSHOW TABLES[0m
  [4;36;1mSQL (0.000628)[0m   [0;1mSELECT version FROM `schema_migrations`[0m
  [4;35;1mSQL (0.001343)[0m   [0mINSERT INTO `schema_migrations` (version) VALUES ('20080806070738')[0m
WARNING: You're using the Ruby-based MySQL library that ships with Rails. This library is not suited for production. Please install the C-based MySQL library instead (gem install mysql).
  [4;36;1mSQL (0.000181)[0m   [0;1mSET SQL_AUTO_IS_NULL=0[0m
  [4;35;1mSQL (0.000577)[0m   [0mSHOW TABLES[0m
  [4;36;1mSQL (0.000352)[0m   [0;1mSELECT version FROM schema_migrations[0m
  [4;35;1mSQL (0.000478)[0m   [0mSELECT version FROM schema_migrations[0m
  [4;36;1mSQL (0.000509)[0m   [0;1mSHOW TABLES[0m
  [4;35;1mSQL (0.002281)[0m   [0mSHOW FIELDS FROM `items`[0m
  [4;36;1mSQL (0.002113)[0m   [0;1mdescribe `items`[0m
  [4;35;1mSQL (0.001037)[0m   [0mSHOW KEYS FROM `items`[0m
  [4;36;1mSQL (0.000176)[0m   [0;1mSET SQL_AUTO_IS_NULL=0[0m
  [4;35;1mSQL (0.003254)[0m   [0mDROP DATABASE IF EXISTS `kassi_test`[0m
  [4;36;1mSQL (0.000548)[0m   [0;1mCREATE DATABASE `kassi_test` DEFAULT CHARACTER SET `utf8`[0m
  [4;35;1mSQL (0.000178)[0m   [0mSET SQL_AUTO_IS_NULL=0[0m
  [4;36;1mSQL (0.000495)[0m   [0;1mSHOW TABLES[0m
  [4;35;1mSQL (0.002149)[0m   [0mCREATE TABLE `items` (`id` int(11) DEFAULT NULL auto_increment PRIMARY KEY, `owner_id` varchar(255) DEFAULT NULL NULL, `title` varchar(255) DEFAULT NULL NULL, `created_at` datetime DEFAULT NULL NULL, `updated_at` datetime DEFAULT NULL NULL) ENGINE=InnoDB[0m
  [4;36;1mSQL (0.000694)[0m   [0;1mSHOW TABLES[0m
  [4;35;1mSQL (0.002331)[0m   [0mCREATE TABLE `schema_migrations` (`version` varchar(255) NOT NULL) ENGINE=InnoDB[0m
  [4;36;1mSQL (0.005108)[0m   [0;1mCREATE UNIQUE INDEX `unique_schema_migrations` ON `schema_migrations` (`version`)[0m
  [4;35;1mSQL (0.000813)[0m   [0mSHOW TABLES[0m
  [4;36;1mSQL (0.000552)[0m   [0;1mSELECT version FROM `schema_migrations`[0m
  [4;35;1mSQL (0.000709)[0m   [0mINSERT INTO `schema_migrations` (version) VALUES ('20080806070738')[0m
WARNING: You're using the Ruby-based MySQL library that ships with Rails. This library is not suited for production. Please install the C-based MySQL library instead (gem install mysql).
  [4;36;1mSQL (0.000180)[0m   [0;1mSET SQL_AUTO_IS_NULL=0[0m
  [4;35;1mSQL (0.000697)[0m   [0mSHOW TABLES[0m
  [4;36;1mSQL (0.000382)[0m   [0;1mSELECT version FROM schema_migrations[0m
  [4;35;1mSQL (0.000697)[0m   [0mSELECT version FROM schema_migrations[0m
  [4;36;1mSQL (0.000842)[0m   [0;1mSHOW TABLES[0m
  [4;35;1mSQL (0.002765)[0m   [0mSHOW FIELDS FROM `items`[0m
  [4;36;1mSQL (0.002078)[0m   [0;1mdescribe `items`[0m
  [4;35;1mSQL (0.001452)[0m   [0mSHOW KEYS FROM `items`[0m
  [4;36;1mSQL (0.000192)[0m   [0;1mSET SQL_AUTO_IS_NULL=0[0m
  [4;35;1mSQL (0.003340)[0m   [0mDROP DATABASE IF EXISTS `kassi_test`[0m
  [4;36;1mSQL (0.000551)[0m   [0;1mCREATE DATABASE `kassi_test` DEFAULT CHARACTER SET `utf8`[0m
  [4;35;1mSQL (0.000177)[0m   [0mSET SQL_AUTO_IS_NULL=0[0m
  [4;36;1mSQL (0.000492)[0m   [0;1mSHOW TABLES[0m
  [4;35;1mSQL (0.002293)[0m   [0mCREATE TABLE `items` (`id` int(11) DEFAULT NULL auto_increment PRIMARY KEY, `owner_id` varchar(255) DEFAULT NULL NULL, `title` varchar(255) DEFAULT NULL NULL, `created_at` datetime DEFAULT NULL NULL, `updated_at` datetime DEFAULT NULL NULL) ENGINE=InnoDB[0m
  [4;36;1mSQL (0.000639)[0m   [0;1mSHOW TABLES[0m
  [4;35;1mSQL (0.001870)[0m   [0mCREATE TABLE `schema_migrations` (`version` varchar(255) NOT NULL) ENGINE=InnoDB[0m
  [4;36;1mSQL (0.005387)[0m   [0;1mCREATE UNIQUE INDEX `unique_schema_migrations` ON `schema_migrations` (`version`)[0m
  [4;35;1mSQL (0.000705)[0m   [0mSHOW TABLES[0m
  [4;36;1mSQL (0.000549)[0m   [0;1mSELECT version FROM `schema_migrations`[0m
  [4;35;1mSQL (0.000674)[0m   [0mINSERT INTO `schema_migrations` (version) VALUES ('20080806070738')[0m
WARNING: You're using the Ruby-based MySQL library that ships with Rails. This library is not suited for production. Please install the C-based MySQL library instead (gem install mysql).
  [4;36;1mSQL (0.000179)[0m   [0;1mSET SQL_AUTO_IS_NULL=0[0m
  [4;35;1mSQL (0.000594)[0m   [0mSHOW TABLES[0m
  [4;36;1mSQL (0.000354)[0m   [0;1mSELECT version FROM schema_migrations[0m
  [4;35;1mSQL (0.000483)[0m   [0mSELECT version FROM schema_migrations[0m
  [4;36;1mSQL (0.000574)[0m   [0;1mSHOW TABLES[0m
  [4;35;1mSQL (0.002282)[0m   [0mSHOW FIELDS FROM `items`[0m
  [4;36;1mSQL (0.002168)[0m   [0;1mdescribe `items`[0m
  [4;35;1mSQL (0.001238)[0m   [0mSHOW KEYS FROM `items`[0m
  [4;36;1mSQL (0.000203)[0m   [0;1mSET SQL_AUTO_IS_NULL=0[0m
  [4;35;1mSQL (0.003344)[0m   [0mDROP DATABASE IF EXISTS `kassi_test`[0m
  [4;36;1mSQL (0.000543)[0m   [0;1mCREATE DATABASE `kassi_test` DEFAULT CHARACTER SET `utf8`[0m
  [4;35;1mSQL (0.000180)[0m   [0mSET SQL_AUTO_IS_NULL=0[0m
  [4;36;1mSQL (0.000500)[0m   [0;1mSHOW TABLES[0m
  [4;35;1mSQL (0.002125)[0m   [0mCREATE TABLE `items` (`id` int(11) DEFAULT NULL auto_increment PRIMARY KEY, `owner_id` varchar(255) DEFAULT NULL NULL, `title` varchar(255) DEFAULT NULL NULL, `created_at` datetime DEFAULT NULL NULL, `updated_at` datetime DEFAULT NULL NULL) ENGINE=InnoDB[0m
  [4;36;1mSQL (0.000619)[0m   [0;1mSHOW TABLES[0m
  [4;35;1mSQL (0.002145)[0m   [0mCREATE TABLE `schema_migrations` (`version` varchar(255) NOT NULL) ENGINE=InnoDB[0m
  [4;36;1mSQL (0.004989)[0m   [0;1mCREATE UNIQUE INDEX `unique_schema_migrations` ON `schema_migrations` (`version`)[0m
  [4;35;1mSQL (0.000881)[0m   [0mSHOW TABLES[0m
  [4;36;1mSQL (0.000550)[0m   [0;1mSELECT version FROM `schema_migrations`[0m
  [4;35;1mSQL (0.000649)[0m   [0mINSERT INTO `schema_migrations` (version) VALUES ('20080806070738')[0m
WARNING: You're using the Ruby-based MySQL library that ships with Rails. This library is not suited for production. Please install the C-based MySQL library instead (gem install mysql).
  [4;36;1mSQL (0.000301)[0m   [0;1mSET SQL_AUTO_IS_NULL=0[0m
  [4;35;1mSQL (0.000644)[0m   [0mSHOW TABLES[0m
  [4;36;1mSQL (0.000356)[0m   [0;1mSELECT version FROM schema_migrations[0m
  [4;35;1mSQL (0.000458)[0m   [0mSELECT version FROM schema_migrations[0m
  [4;36;1mSQL (0.000508)[0m   [0;1mSHOW TABLES[0m
  [4;35;1mSQL (0.002265)[0m   [0mSHOW FIELDS FROM `items`[0m
  [4;36;1mSQL (0.002223)[0m   [0;1mdescribe `items`[0m
  [4;35;1mSQL (0.001242)[0m   [0mSHOW KEYS FROM `items`[0m
  [4;36;1mSQL (0.000177)[0m   [0;1mSET SQL_AUTO_IS_NULL=0[0m
  [4;35;1mSQL (0.003409)[0m   [0mDROP DATABASE IF EXISTS `kassi_test`[0m
  [4;36;1mSQL (0.000588)[0m   [0;1mCREATE DATABASE `kassi_test` DEFAULT CHARACTER SET `utf8`[0m
  [4;35;1mSQL (0.000189)[0m   [0mSET SQL_AUTO_IS_NULL=0[0m
  [4;36;1mSQL (0.000635)[0m   [0;1mSHOW TABLES[0m
  [4;35;1mSQL (0.002287)[0m   [0mCREATE TABLE `items` (`id` int(11) DEFAULT NULL auto_increment PRIMARY KEY, `owner_id` varchar(255) DEFAULT NULL NULL, `title` varchar(255) DEFAULT NULL NULL, `created_at` datetime DEFAULT NULL NULL, `updated_at` datetime DEFAULT NULL NULL) ENGINE=InnoDB[0m
  [4;36;1mSQL (0.000536)[0m   [0;1mSHOW TABLES[0m
  [4;35;1mSQL (0.001945)[0m   [0mCREATE TABLE `schema_migrations` (`version` varchar(255) NOT NULL) ENGINE=InnoDB[0m
  [4;36;1mSQL (0.005470)[0m   [0;1mCREATE UNIQUE INDEX `unique_schema_migrations` ON `schema_migrations` (`version`)[0m
  [4;35;1mSQL (0.000696)[0m   [0mSHOW TABLES[0m
  [4;36;1mSQL (0.000543)[0m   [0;1mSELECT version FROM `schema_migrations`[0m
  [4;35;1mSQL (0.000717)[0m   [0mINSERT INTO `schema_migrations` (version) VALUES ('20080806070738')[0m
WARNING: You're using the Ruby-based MySQL library that ships with Rails. This library is not suited for production. Please install the C-based MySQL library instead (gem install mysql).
  [4;36;1mSQL (0.000213)[0m   [0;1mSET SQL_AUTO_IS_NULL=0[0m
  [4;35;1mSQL (0.000618)[0m   [0mSHOW TABLES[0m
  [4;36;1mSQL (0.000358)[0m   [0;1mSELECT version FROM schema_migrations[0m
  [4;35;1mSQL (0.000462)[0m   [0mSELECT version FROM schema_migrations[0m
  [4;36;1mSQL (0.000544)[0m   [0;1mSHOW TABLES[0m
  [4;35;1mSQL (0.002479)[0m   [0mSHOW FIELDS FROM `items`[0m
  [4;36;1mSQL (0.002392)[0m   [0;1mdescribe `items`[0m
  [4;35;1mSQL (0.001262)[0m   [0mSHOW KEYS FROM `items`[0m
  [4;36;1mSQL (0.000175)[0m   [0;1mSET SQL_AUTO_IS_NULL=0[0m
  [4;35;1mSQL (0.003588)[0m   [0mDROP DATABASE IF EXISTS `kassi_test`[0m
  [4;36;1mSQL (0.000585)[0m   [0;1mCREATE DATABASE `kassi_test` DEFAULT CHARACTER SET `utf8`[0m
  [4;35;1mSQL (0.000223)[0m   [0mSET SQL_AUTO_IS_NULL=0[0m
  [4;36;1mSQL (0.000582)[0m   [0;1mSHOW TABLES[0m
  [4;35;1mSQL (0.002222)[0m   [0mCREATE TABLE `items` (`id` int(11) DEFAULT NULL auto_increment PRIMARY KEY, `owner_id` varchar(255) DEFAULT NULL NULL, `title` varchar(255) DEFAULT NULL NULL, `created_at` datetime DEFAULT NULL NULL, `updated_at` datetime DEFAULT NULL NULL) ENGINE=InnoDB[0m
  [4;36;1mSQL (0.000611)[0m   [0;1mSHOW TABLES[0m
  [4;35;1mSQL (0.001821)[0m   [0mCREATE TABLE `schema_migrations` (`version` varchar(255) NOT NULL) ENGINE=InnoDB[0m
  [4;36;1mSQL (0.004903)[0m   [0;1mCREATE UNIQUE INDEX `unique_schema_migrations` ON `schema_migrations` (`version`)[0m
  [4;35;1mSQL (0.000754)[0m   [0mSHOW TABLES[0m
  [4;36;1mSQL (0.000564)[0m   [0;1mSELECT version FROM `schema_migrations`[0m
  [4;35;1mSQL (0.000672)[0m   [0mINSERT INTO `schema_migrations` (version) VALUES ('20080806070738')[0m
WARNING: You're using the Ruby-based MySQL library that ships with Rails. This library is not suited for production. Please install the C-based MySQL library instead (gem install mysql).
  [4;36;1mSQL (0.000182)[0m   [0;1mSET SQL_AUTO_IS_NULL=0[0m
  [4;35;1mSQL (0.000564)[0m   [0mSHOW TABLES[0m
  [4;36;1mSQL (0.000360)[0m   [0;1mSELECT version FROM schema_migrations[0m
  [4;35;1mSQL (0.000461)[0m   [0mSELECT version FROM schema_migrations[0m
  [4;36;1mSQL (0.000501)[0m   [0;1mSHOW TABLES[0m
  [4;35;1mSQL (0.002306)[0m   [0mSHOW FIELDS FROM `items`[0m
  [4;36;1mSQL (0.002222)[0m   [0;1mdescribe `items`[0m
  [4;35;1mSQL (0.001378)[0m   [0mSHOW KEYS FROM `items`[0m
  [4;36;1mSQL (0.000220)[0m   [0;1mSET SQL_AUTO_IS_NULL=0[0m
  [4;35;1mSQL (0.003560)[0m   [0mDROP DATABASE IF EXISTS `kassi_test`[0m
  [4;36;1mSQL (0.000561)[0m   [0;1mCREATE DATABASE `kassi_test` DEFAULT CHARACTER SET `utf8`[0m
  [4;35;1mSQL (0.000208)[0m   [0mSET SQL_AUTO_IS_NULL=0[0m
  [4;36;1mSQL (0.000570)[0m   [0;1mSHOW TABLES[0m
  [4;35;1mSQL (0.002360)[0m   [0mCREATE TABLE `items` (`id` int(11) DEFAULT NULL auto_increment PRIMARY KEY, `owner_id` varchar(255) DEFAULT NULL NULL, `title` varchar(255) DEFAULT NULL NULL, `created_at` datetime DEFAULT NULL NULL, `updated_at` datetime DEFAULT NULL NULL) ENGINE=InnoDB[0m
  [4;36;1mSQL (0.000674)[0m   [0;1mSHOW TABLES[0m
  [4;35;1mSQL (0.001962)[0m   [0mCREATE TABLE `schema_migrations` (`version` varchar(255) NOT NULL) ENGINE=InnoDB[0m
  [4;36;1mSQL (0.064662)[0m   [0;1mCREATE UNIQUE INDEX `unique_schema_migrations` ON `schema_migrations` (`version`)[0m
  [4;35;1mSQL (0.000947)[0m   [0mSHOW TABLES[0m
  [4;36;1mSQL (0.000763)[0m   [0;1mSELECT version FROM `schema_migrations`[0m
  [4;35;1mSQL (0.016113)[0m   [0mINSERT INTO `schema_migrations` (version) VALUES ('20080806070738')[0m
WARNING: You're using the Ruby-based MySQL library that ships with Rails. This library is not suited for production. Please install the C-based MySQL library instead (gem install mysql).
  [4;36;1mSQL (0.000196)[0m   [0;1mSET SQL_AUTO_IS_NULL=0[0m
  [4;35;1mSQL (0.000643)[0m   [0mSHOW TABLES[0m
  [4;36;1mSQL (0.000370)[0m   [0;1mSELECT version FROM schema_migrations[0m
  [4;35;1mSQL (0.000525)[0m   [0mSELECT version FROM schema_migrations[0m
  [4;36;1mSQL (0.000586)[0m   [0;1mSHOW TABLES[0m
  [4;35;1mSQL (0.002605)[0m   [0mSHOW FIELDS FROM `items`[0m
  [4;36;1mSQL (0.002321)[0m   [0;1mdescribe `items`[0m
  [4;35;1mSQL (0.001463)[0m   [0mSHOW KEYS FROM `items`[0m
  [4;36;1mSQL (0.000174)[0m   [0;1mSET SQL_AUTO_IS_NULL=0[0m
  [4;35;1mSQL (0.062891)[0m   [0mDROP DATABASE IF EXISTS `kassi_test`[0m
  [4;36;1mSQL (0.000845)[0m   [0;1mCREATE DATABASE `kassi_test` DEFAULT CHARACTER SET `utf8`[0m
  [4;35;1mSQL (0.000203)[0m   [0mSET SQL_AUTO_IS_NULL=0[0m
  [4;36;1mSQL (0.000597)[0m   [0;1mSHOW TABLES[0m
  [4;35;1mSQL (0.012903)[0m   [0mCREATE TABLE `items` (`id` int(11) DEFAULT NULL auto_increment PRIMARY KEY, `owner_id` varchar(255) DEFAULT NULL NULL, `title` varchar(255) DEFAULT NULL NULL, `created_at` datetime DEFAULT NULL NULL, `updated_at` datetime DEFAULT NULL NULL) ENGINE=InnoDB[0m
  [4;36;1mSQL (0.000889)[0m   [0;1mSHOW TABLES[0m
  [4;35;1mSQL (0.026780)[0m   [0mCREATE TABLE `schema_migrations` (`version` varchar(255) NOT NULL) ENGINE=InnoDB[0m
  [4;36;1mSQL (0.006548)[0m   [0;1mCREATE UNIQUE INDEX `unique_schema_migrations` ON `schema_migrations` (`version`)[0m
  [4;35;1mSQL (0.000733)[0m   [0mSHOW TABLES[0m
  [4;36;1mSQL (0.000583)[0m   [0;1mSELECT version FROM `schema_migrations`[0m
  [4;35;1mSQL (0.002093)[0m   [0mINSERT INTO `schema_migrations` (version) VALUES ('20080806070738')[0m
WARNING: You're using the Ruby-based MySQL library that ships with Rails. This library is not suited for production. Please install the C-based MySQL library instead (gem install mysql).
  [4;36;1mSQL (0.000208)[0m   [0;1mSET SQL_AUTO_IS_NULL=0[0m
  [4;35;1mSQL (0.000562)[0m   [0mSHOW TABLES[0m
  [4;36;1mSQL (0.000360)[0m   [0;1mSELECT version FROM schema_migrations[0m
  [4;35;1mSQL (0.000478)[0m   [0mSELECT version FROM schema_migrations[0m
  [4;36;1mSQL (0.000533)[0m   [0;1mSHOW TABLES[0m
  [4;35;1mSQL (0.002516)[0m   [0mSHOW FIELDS FROM `items`[0m
  [4;36;1mSQL (0.002529)[0m   [0;1mdescribe `items`[0m
  [4;35;1mSQL (0.001323)[0m   [0mSHOW KEYS FROM `items`[0m
  [4;36;1mSQL (0.000202)[0m   [0;1mSET SQL_AUTO_IS_NULL=0[0m
  [4;35;1mSQL (0.003425)[0m   [0mDROP DATABASE IF EXISTS `kassi_test`[0m
  [4;36;1mSQL (0.000460)[0m   [0;1mCREATE DATABASE `kassi_test` DEFAULT CHARACTER SET `utf8`[0m
  [4;35;1mSQL (0.000180)[0m   [0mSET SQL_AUTO_IS_NULL=0[0m
  [4;36;1mSQL (0.000502)[0m   [0;1mSHOW TABLES[0m
  [4;35;1mSQL (0.002314)[0m   [0mCREATE TABLE `items` (`id` int(11) DEFAULT NULL auto_increment PRIMARY KEY, `owner_id` varchar(255) DEFAULT NULL NULL, `title` varchar(255) DEFAULT NULL NULL, `created_at` datetime DEFAULT NULL NULL, `updated_at` datetime DEFAULT NULL NULL) ENGINE=InnoDB[0m
  [4;36;1mSQL (0.000604)[0m   [0;1mSHOW TABLES[0m
  [4;35;1mSQL (0.285255)[0m   [0mCREATE TABLE `schema_migrations` (`version` varchar(255) NOT NULL) ENGINE=InnoDB[0m
  [4;36;1mSQL (0.122579)[0m   [0;1mCREATE UNIQUE INDEX `unique_schema_migrations` ON `schema_migrations` (`version`)[0m
  [4;35;1mSQL (0.000997)[0m   [0mSHOW TABLES[0m
  [4;36;1mSQL (0.000738)[0m   [0;1mSELECT version FROM `schema_migrations`[0m
  [4;35;1mSQL (0.000752)[0m   [0mINSERT INTO `schema_migrations` (version) VALUES ('20080806070738')[0m
WARNING: You're using the Ruby-based MySQL library that ships with Rails. This library is not suited for production. Please install the C-based MySQL library instead (gem install mysql).
  [4;36;1mSQL (0.000233)[0m   [0;1mSET SQL_AUTO_IS_NULL=0[0m
  [4;35;1mSQL (0.000734)[0m   [0mSHOW TABLES[0m
  [4;36;1mSQL (0.000442)[0m   [0;1mSELECT version FROM schema_migrations[0m
  [4;35;1mSQL (0.000461)[0m   [0mSELECT version FROM schema_migrations[0m
  [4;36;1mSQL (0.000507)[0m   [0;1mSHOW TABLES[0m
  [4;35;1mSQL (0.002257)[0m   [0mSHOW FIELDS FROM `items`[0m
  [4;36;1mSQL (0.002251)[0m   [0;1mdescribe `items`[0m
  [4;35;1mSQL (0.001286)[0m   [0mSHOW KEYS FROM `items`[0m
  [4;36;1mSQL (0.000219)[0m   [0;1mSET SQL_AUTO_IS_NULL=0[0m
  [4;35;1mSQL (0.003252)[0m   [0mDROP DATABASE IF EXISTS `kassi_test`[0m
  [4;36;1mSQL (0.000437)[0m   [0;1mCREATE DATABASE `kassi_test` DEFAULT CHARACTER SET `utf8`[0m
  [4;35;1mSQL (0.000177)[0m   [0mSET SQL_AUTO_IS_NULL=0[0m
  [4;36;1mSQL (0.000501)[0m   [0;1mSHOW TABLES[0m
  [4;35;1mSQL (0.054172)[0m   [0mCREATE TABLE `items` (`id` int(11) DEFAULT NULL auto_increment PRIMARY KEY, `owner_id` varchar(255) DEFAULT NULL NULL, `title` varchar(255) DEFAULT NULL NULL, `created_at` datetime DEFAULT NULL NULL, `updated_at` datetime DEFAULT NULL NULL) ENGINE=InnoDB[0m
  [4;36;1mSQL (0.000912)[0m   [0;1mSHOW TABLES[0m
  [4;35;1mSQL (0.002411)[0m   [0mCREATE TABLE `schema_migrations` (`version` varchar(255) NOT NULL) ENGINE=InnoDB[0m
  [4;36;1mSQL (0.020916)[0m   [0;1mCREATE UNIQUE INDEX `unique_schema_migrations` ON `schema_migrations` (`version`)[0m
  [4;35;1mSQL (0.000746)[0m   [0mSHOW TABLES[0m
  [4;36;1mSQL (0.000716)[0m   [0;1mSELECT version FROM `schema_migrations`[0m
  [4;35;1mSQL (0.006364)[0m   [0mINSERT INTO `schema_migrations` (version) VALUES ('20080806070738')[0m
WARNING: You're using the Ruby-based MySQL library that ships with Rails. This library is not suited for production. Please install the C-based MySQL library instead (gem install mysql).
  [4;36;1mSQL (0.000179)[0m   [0;1mSET SQL_AUTO_IS_NULL=0[0m
  [4;35;1mSQL (0.000562)[0m   [0mSHOW TABLES[0m
  [4;36;1mSQL (0.000358)[0m   [0;1mSELECT version FROM schema_migrations[0m
  [4;35;1mSQL (0.000472)[0m   [0mSELECT version FROM schema_migrations[0m
  [4;36;1mSQL (0.000513)[0m   [0;1mSHOW TABLES[0m
  [4;35;1mSQL (0.002223)[0m   [0mSHOW FIELDS FROM `items`[0m
  [4;36;1mSQL (0.002171)[0m   [0;1mdescribe `items`[0m
  [4;35;1mSQL (0.001240)[0m   [0mSHOW KEYS FROM `items`[0m
  [4;36;1mSQL (0.000179)[0m   [0;1mSET SQL_AUTO_IS_NULL=0[0m
  [4;35;1mSQL (0.003235)[0m   [0mDROP DATABASE IF EXISTS `kassi_test`[0m
  [4;36;1mSQL (0.000614)[0m   [0;1mCREATE DATABASE `kassi_test` DEFAULT CHARACTER SET `utf8`[0m
  [4;35;1mSQL (0.000203)[0m   [0mSET SQL_AUTO_IS_NULL=0[0m
  [4;36;1mSQL (0.000587)[0m   [0;1mSHOW TABLES[0m
  [4;35;1mSQL (0.051641)[0m   [0mCREATE TABLE `items` (`id` int(11) DEFAULT NULL auto_increment PRIMARY KEY, `owner_id` varchar(255) DEFAULT NULL NULL, `title` varchar(255) DEFAULT NULL NULL, `created_at` datetime DEFAULT NULL NULL, `updated_at` datetime DEFAULT NULL NULL) ENGINE=InnoDB[0m
  [4;36;1mSQL (0.000955)[0m   [0;1mSHOW TABLES[0m
  [4;35;1mSQL (0.002448)[0m   [0mCREATE TABLE `schema_migrations` (`version` varchar(255) NOT NULL) ENGINE=InnoDB[0m
  [4;36;1mSQL (0.010279)[0m   [0;1mCREATE UNIQUE INDEX `unique_schema_migrations` ON `schema_migrations` (`version`)[0m
  [4;35;1mSQL (0.000734)[0m   [0mSHOW TABLES[0m
  [4;36;1mSQL (0.000582)[0m   [0;1mSELECT version FROM `schema_migrations`[0m
  [4;35;1mSQL (0.006067)[0m   [0mINSERT INTO `schema_migrations` (version) VALUES ('20080806070738')[0m
WARNING: You're using the Ruby-based MySQL library that ships with Rails. This library is not suited for production. Please install the C-based MySQL library instead (gem install mysql).
  [4;36;1mSQL (0.000214)[0m   [0;1mSET SQL_AUTO_IS_NULL=0[0m
  [4;35;1mSQL (0.000675)[0m   [0mSHOW TABLES[0m
  [4;36;1mSQL (0.000418)[0m   [0;1mSELECT version FROM schema_migrations[0m
  [4;35;1mSQL (0.000514)[0m   [0mSELECT version FROM schema_migrations[0m
  [4;36;1mSQL (0.000571)[0m   [0;1mSHOW TABLES[0m
  [4;35;1mSQL (0.100048)[0m   [0mSHOW FIELDS FROM `items`[0m
  [4;36;1mSQL (0.003058)[0m   [0;1mdescribe `items`[0m
  [4;35;1mSQL (0.001398)[0m   [0mSHOW KEYS FROM `items`[0m
  [4;36;1mSQL (0.000202)[0m   [0;1mSET SQL_AUTO_IS_NULL=0[0m
  [4;35;1mSQL (0.003787)[0m   [0mDROP DATABASE IF EXISTS `kassi_test`[0m
  [4;36;1mSQL (0.000548)[0m   [0;1mCREATE DATABASE `kassi_test` DEFAULT CHARACTER SET `utf8`[0m
  [4;35;1mSQL (0.000208)[0m   [0mSET SQL_AUTO_IS_NULL=0[0m
  [4;36;1mSQL (0.000519)[0m   [0;1mSHOW TABLES[0m
  [4;35;1mSQL (0.029787)[0m   [0mCREATE TABLE `items` (`id` int(11) DEFAULT NULL auto_increment PRIMARY KEY, `owner_id` varchar(255) DEFAULT NULL NULL, `title` varchar(255) DEFAULT NULL NULL, `created_at` datetime DEFAULT NULL NULL, `updated_at` datetime DEFAULT NULL NULL) ENGINE=InnoDB[0m
  [4;36;1mSQL (0.000937)[0m   [0;1mSHOW TABLES[0m
  [4;35;1mSQL (0.002421)[0m   [0mCREATE TABLE `schema_migrations` (`version` varchar(255) NOT NULL) ENGINE=InnoDB[0m
  [4;36;1mSQL (0.010792)[0m   [0;1mCREATE UNIQUE INDEX `unique_schema_migrations` ON `schema_migrations` (`version`)[0m
  [4;35;1mSQL (0.000947)[0m   [0mSHOW TABLES[0m
  [4;36;1mSQL (0.000794)[0m   [0;1mSELECT version FROM `schema_migrations`[0m
  [4;35;1mSQL (0.005006)[0m   [0mINSERT INTO `schema_migrations` (version) VALUES ('20080806070738')[0m
WARNING: You're using the Ruby-based MySQL library that ships with Rails. This library is not suited for production. Please install the C-based MySQL library instead (gem install mysql).
  [4;36;1mSQL (0.000181)[0m   [0;1mSET SQL_AUTO_IS_NULL=0[0m
  [4;35;1mSQL (0.000586)[0m   [0mSHOW TABLES[0m
  [4;36;1mSQL (0.000355)[0m   [0;1mSELECT version FROM schema_migrations[0m
  [4;35;1mSQL (0.000443)[0m   [0mSELECT version FROM schema_migrations[0m
  [4;36;1mSQL (0.000507)[0m   [0;1mSHOW TABLES[0m
  [4;35;1mSQL (0.002290)[0m   [0mSHOW FIELDS FROM `items`[0m
  [4;36;1mSQL (0.001843)[0m   [0;1mdescribe `items`[0m
  [4;35;1mSQL (0.001053)[0m   [0mSHOW KEYS FROM `items`[0m
  [4;36;1mSQL (0.000176)[0m   [0;1mSET SQL_AUTO_IS_NULL=0[0m
  [4;35;1mSQL (0.057301)[0m   [0mDROP DATABASE IF EXISTS `kassi_test`[0m
  [4;36;1mSQL (0.000591)[0m   [0;1mCREATE DATABASE `kassi_test` DEFAULT CHARACTER SET `utf8`[0m
  [4;35;1mSQL (0.000221)[0m   [0mSET SQL_AUTO_IS_NULL=0[0m
  [4;36;1mSQL (0.000661)[0m   [0;1mSHOW TABLES[0m
  [4;35;1mSQL (0.015718)[0m   [0mCREATE TABLE `items` (`id` int(11) DEFAULT NULL auto_increment PRIMARY KEY, `owner_id` varchar(255) DEFAULT NULL NULL, `title` varchar(255) DEFAULT NULL NULL, `created_at` datetime DEFAULT NULL NULL, `updated_at` datetime DEFAULT NULL NULL) ENGINE=InnoDB[0m
  [4;36;1mSQL (0.000902)[0m   [0;1mSHOW TABLES[0m
  [4;35;1mSQL (0.024258)[0m   [0mCREATE TABLE `schema_migrations` (`version` varchar(255) NOT NULL) ENGINE=InnoDB[0m
  [4;36;1mSQL (0.012392)[0m   [0;1mCREATE UNIQUE INDEX `unique_schema_migrations` ON `schema_migrations` (`version`)[0m
  [4;35;1mSQL (0.000723)[0m   [0mSHOW TABLES[0m
  [4;36;1mSQL (0.000654)[0m   [0;1mSELECT version FROM `schema_migrations`[0m
  [4;35;1mSQL (0.007164)[0m   [0mINSERT INTO `schema_migrations` (version) VALUES ('20080806070738')[0m
WARNING: You're using the Ruby-based MySQL library that ships with Rails. This library is not suited for production. Please install the C-based MySQL library instead (gem install mysql).
  [4;36;1mSQL (0.000182)[0m   [0;1mSET SQL_AUTO_IS_NULL=0[0m
  [4;35;1mSQL (0.000566)[0m   [0mSHOW TABLES[0m
  [4;36;1mSQL (0.000356)[0m   [0;1mSELECT version FROM schema_migrations[0m
  [4;35;1mSQL (0.000453)[0m   [0mSELECT version FROM schema_migrations[0m
  [4;36;1mSQL (0.000503)[0m   [0;1mSHOW TABLES[0m
  [4;35;1mSQL (0.002295)[0m   [0mSHOW FIELDS FROM `items`[0m
  [4;36;1mSQL (0.002155)[0m   [0;1mdescribe `items`[0m
  [4;35;1mSQL (0.001100)[0m   [0mSHOW KEYS FROM `items`[0m
  [4;36;1mSQL (0.000177)[0m   [0;1mSET SQL_AUTO_IS_NULL=0[0m
  [4;35;1mSQL (0.003245)[0m   [0mDROP DATABASE IF EXISTS `kassi_test`[0m
  [4;36;1mSQL (0.000434)[0m   [0;1mCREATE DATABASE `kassi_test` DEFAULT CHARACTER SET `utf8`[0m
  [4;35;1mSQL (0.000182)[0m   [0mSET SQL_AUTO_IS_NULL=0[0m
  [4;36;1mSQL (0.000589)[0m   [0;1mSHOW TABLES[0m
  [4;35;1mSQL (0.002427)[0m   [0mCREATE TABLE `items` (`id` int(11) DEFAULT NULL auto_increment PRIMARY KEY, `owner_id` varchar(255) DEFAULT NULL NULL, `title` varchar(255) DEFAULT NULL NULL, `created_at` datetime DEFAULT NULL NULL, `updated_at` datetime DEFAULT NULL NULL) ENGINE=InnoDB[0m
  [4;36;1mSQL (0.000628)[0m   [0;1mSHOW TABLES[0m
  [4;35;1mSQL (0.055229)[0m   [0mCREATE TABLE `schema_migrations` (`version` varchar(255) NOT NULL) ENGINE=InnoDB[0m
  [4;36;1mSQL (0.011405)[0m   [0;1mCREATE UNIQUE INDEX `unique_schema_migrations` ON `schema_migrations` (`version`)[0m
  [4;35;1mSQL (0.000932)[0m   [0mSHOW TABLES[0m
  [4;36;1mSQL (0.000618)[0m   [0;1mSELECT version FROM `schema_migrations`[0m
  [4;35;1mSQL (0.000745)[0m   [0mINSERT INTO `schema_migrations` (version) VALUES ('20080806070738')[0m
WARNING: You're using the Ruby-based MySQL library that ships with Rails. This library is not suited for production. Please install the C-based MySQL library instead (gem install mysql).
  [4;36;1mSQL (0.000182)[0m   [0;1mSET SQL_AUTO_IS_NULL=0[0m
  [4;35;1mSQL (0.000566)[0m   [0mSHOW TABLES[0m
  [4;36;1mSQL (0.000353)[0m   [0;1mSELECT version FROM schema_migrations[0m
  [4;35;1mSQL (0.000664)[0m   [0mSELECT version FROM schema_migrations[0m
  [4;36;1mSQL (0.000500)[0m   [0;1mSHOW TABLES[0m
  [4;35;1mSQL (0.002287)[0m   [0mSHOW FIELDS FROM `items`[0m
  [4;36;1mSQL (0.002316)[0m   [0;1mdescribe `items`[0m
  [4;35;1mSQL (0.001476)[0m   [0mSHOW KEYS FROM `items`[0m
  [4;36;1mSQL (0.000201)[0m   [0;1mSET SQL_AUTO_IS_NULL=0[0m
  [4;35;1mSQL (0.003634)[0m   [0mDROP DATABASE IF EXISTS `kassi_test`[0m
  [4;36;1mSQL (0.000560)[0m   [0;1mCREATE DATABASE `kassi_test` DEFAULT CHARACTER SET `utf8`[0m
  [4;35;1mSQL (0.000203)[0m   [0mSET SQL_AUTO_IS_NULL=0[0m
  [4;36;1mSQL (0.000542)[0m   [0;1mSHOW TABLES[0m
  [4;35;1mSQL (0.276619)[0m   [0mCREATE TABLE `items` (`id` int(11) DEFAULT NULL auto_increment PRIMARY KEY, `owner_id` varchar(255) DEFAULT NULL NULL, `title` varchar(255) DEFAULT NULL NULL, `created_at` datetime DEFAULT NULL NULL, `updated_at` datetime DEFAULT NULL NULL) ENGINE=InnoDB[0m
  [4;36;1mSQL (0.000910)[0m   [0;1mSHOW TABLES[0m
  [4;35;1mSQL (0.002361)[0m   [0mCREATE TABLE `schema_migrations` (`version` varchar(255) NOT NULL) ENGINE=InnoDB[0m
  [4;36;1mSQL (0.020835)[0m   [0;1mCREATE UNIQUE INDEX `unique_schema_migrations` ON `schema_migrations` (`version`)[0m
  [4;35;1mSQL (0.000764)[0m   [0mSHOW TABLES[0m
  [4;36;1mSQL (0.000771)[0m   [0;1mSELECT version FROM `schema_migrations`[0m
  [4;35;1mSQL (0.006415)[0m   [0mINSERT INTO `schema_migrations` (version) VALUES ('20080806070738')[0m
WARNING: You're using the Ruby-based MySQL library that ships with Rails. This library is not suited for production. Please install the C-based MySQL library instead (gem install mysql).
  [4;36;1mSQL (0.000193)[0m   [0;1mSET SQL_AUTO_IS_NULL=0[0m
  [4;35;1mSQL (0.000583)[0m   [0mSHOW TABLES[0m
  [4;36;1mSQL (0.000359)[0m   [0;1mSELECT version FROM schema_migrations[0m
  [4;35;1mSQL (0.000461)[0m   [0mSELECT version FROM schema_migrations[0m
  [4;36;1mSQL (0.000502)[0m   [0;1mSHOW TABLES[0m
  [4;35;1mSQL (0.002448)[0m   [0mSHOW FIELDS FROM `items`[0m
  [4;36;1mSQL (0.002297)[0m   [0;1mdescribe `items`[0m
  [4;35;1mSQL (0.001252)[0m   [0mSHOW KEYS FROM `items`[0m
  [4;36;1mSQL (0.000256)[0m   [0;1mSET SQL_AUTO_IS_NULL=0[0m
  [4;35;1mSQL (0.003320)[0m   [0mDROP DATABASE IF EXISTS `kassi_test`[0m
  [4;36;1mSQL (0.000433)[0m   [0;1mCREATE DATABASE `kassi_test` DEFAULT CHARACTER SET `utf8`[0m
  [4;35;1mSQL (0.000177)[0m   [0mSET SQL_AUTO_IS_NULL=0[0m
  [4;36;1mSQL (0.000505)[0m   [0;1mSHOW TABLES[0m
  [4;35;1mSQL (0.055439)[0m   [0mCREATE TABLE `items` (`id` int(11) DEFAULT NULL auto_increment PRIMARY KEY, `owner_id` varchar(255) DEFAULT NULL NULL, `title` varchar(255) DEFAULT NULL NULL, `created_at` datetime DEFAULT NULL NULL, `updated_at` datetime DEFAULT NULL NULL) ENGINE=InnoDB[0m
  [4;36;1mSQL (0.001018)[0m   [0;1mSHOW TABLES[0m
  [4;35;1mSQL (0.002701)[0m   [0mCREATE TABLE `schema_migrations` (`version` varchar(255) NOT NULL) ENGINE=InnoDB[0m
  [4;36;1mSQL (0.010327)[0m   [0;1mCREATE UNIQUE INDEX `unique_schema_migrations` ON `schema_migrations` (`version`)[0m
  [4;35;1mSQL (0.000949)[0m   [0mSHOW TABLES[0m
  [4;36;1mSQL (0.000771)[0m   [0;1mSELECT version FROM `schema_migrations`[0m
  [4;35;1mSQL (0.004730)[0m   [0mINSERT INTO `schema_migrations` (version) VALUES ('20080806070738')[0m
WARNING: You're using the Ruby-based MySQL library that ships with Rails. This library is not suited for production. Please install the C-based MySQL library instead (gem install mysql).
  [4;36;1mSQL (0.000178)[0m   [0;1mSET SQL_AUTO_IS_NULL=0[0m
  [4;35;1mSQL (0.000576)[0m   [0mSHOW TABLES[0m
  [4;36;1mSQL (0.000358)[0m   [0;1mSELECT version FROM schema_migrations[0m
  [4;35;1mSQL (0.000711)[0m   [0mSELECT version FROM schema_migrations[0m
  [4;36;1mSQL (0.000884)[0m   [0;1mSHOW TABLES[0m
  [4;35;1mSQL (0.002853)[0m   [0mSHOW FIELDS FROM `items`[0m
  [4;36;1mSQL (0.002298)[0m   [0;1mdescribe `items`[0m
  [4;35;1mSQL (0.001312)[0m   [0mSHOW KEYS FROM `items`[0m
  [4;36;1mSQL (0.000176)[0m   [0;1mSET SQL_AUTO_IS_NULL=0[0m
  [4;35;1mSQL (0.003706)[0m   [0mDROP DATABASE IF EXISTS `kassi_test`[0m
  [4;36;1mSQL (0.000555)[0m   [0;1mCREATE DATABASE `kassi_test` DEFAULT CHARACTER SET `utf8`[0m
  [4;35;1mSQL (0.000181)[0m   [0mSET SQL_AUTO_IS_NULL=0[0m
  [4;36;1mSQL (0.000506)[0m   [0;1mSHOW TABLES[0m
  [4;35;1mSQL (0.002341)[0m   [0mCREATE TABLE `items` (`id` int(11) DEFAULT NULL auto_increment PRIMARY KEY, `owner_id` varchar(255) DEFAULT NULL NULL, `title` varchar(255) DEFAULT NULL NULL, `created_at` datetime DEFAULT NULL NULL, `updated_at` datetime DEFAULT NULL NULL) ENGINE=InnoDB[0m
  [4;36;1mSQL (0.000599)[0m   [0;1mSHOW TABLES[0m
  [4;35;1mSQL (0.287094)[0m   [0mCREATE TABLE `schema_migrations` (`version` varchar(255) NOT NULL) ENGINE=InnoDB[0m
  [4;36;1mSQL (0.011584)[0m   [0;1mCREATE UNIQUE INDEX `unique_schema_migrations` ON `schema_migrations` (`version`)[0m
  [4;35;1mSQL (0.000875)[0m   [0mSHOW TABLES[0m
  [4;36;1mSQL (0.000607)[0m   [0;1mSELECT version FROM `schema_migrations`[0m
  [4;35;1mSQL (0.000739)[0m   [0mINSERT INTO `schema_migrations` (version) VALUES ('20080806070738')[0m
WARNING: You're using the Ruby-based MySQL library that ships with Rails. This library is not suited for production. Please install the C-based MySQL library instead (gem install mysql).
  [4;36;1mSQL (0.000182)[0m   [0;1mSET SQL_AUTO_IS_NULL=0[0m
  [4;35;1mSQL (0.000578)[0m   [0mSHOW TABLES[0m
  [4;36;1mSQL (0.000357)[0m   [0;1mSELECT version FROM schema_migrations[0m
  [4;35;1mSQL (0.000475)[0m   [0mSELECT version FROM schema_migrations[0m
  [4;36;1mSQL (0.000557)[0m   [0;1mSHOW TABLES[0m
  [4;35;1mSQL (0.002228)[0m   [0mSHOW FIELDS FROM `items`[0m
  [4;36;1mSQL (0.002186)[0m   [0;1mdescribe `items`[0m
  [4;35;1mSQL (0.001325)[0m   [0mSHOW KEYS FROM `items`[0m
  [4;36;1mSQL (0.000279)[0m   [0;1mSET SQL_AUTO_IS_NULL=0[0m
  [4;35;1mSQL (0.003501)[0m   [0mDROP DATABASE IF EXISTS `kassi_test`[0m
  [4;36;1mSQL (0.000548)[0m   [0;1mCREATE DATABASE `kassi_test` DEFAULT CHARACTER SET `utf8`[0m
  [4;35;1mSQL (0.000204)[0m   [0mSET SQL_AUTO_IS_NULL=0[0m
  [4;36;1mSQL (0.000563)[0m   [0;1mSHOW TABLES[0m
  [4;35;1mSQL (0.054439)[0m   [0mCREATE TABLE `items` (`id` int(11) DEFAULT NULL auto_increment PRIMARY KEY, `owner_id` varchar(255) DEFAULT NULL NULL, `title` varchar(255) DEFAULT NULL NULL, `created_at` datetime DEFAULT NULL NULL, `updated_at` datetime DEFAULT NULL NULL) ENGINE=InnoDB[0m
  [4;36;1mSQL (0.000941)[0m   [0;1mSHOW TABLES[0m
  [4;35;1mSQL (0.002764)[0m   [0mCREATE TABLE `schema_migrations` (`version` varchar(255) NOT NULL) ENGINE=InnoDB[0m
  [4;36;1mSQL (0.009326)[0m   [0;1mCREATE UNIQUE INDEX `unique_schema_migrations` ON `schema_migrations` (`version`)[0m
  [4;35;1mSQL (0.000744)[0m   [0mSHOW TABLES[0m
  [4;36;1mSQL (0.000642)[0m   [0;1mSELECT version FROM `schema_migrations`[0m
  [4;35;1mSQL (0.000863)[0m   [0mINSERT INTO `schema_migrations` (version) VALUES ('20080806070738')[0m
WARNING: You're using the Ruby-based MySQL library that ships with Rails. This library is not suited for production. Please install the C-based MySQL library instead (gem install mysql).
  [4;36;1mSQL (0.000181)[0m   [0;1mSET SQL_AUTO_IS_NULL=0[0m
  [4;35;1mSQL (0.000562)[0m   [0mSHOW TABLES[0m
  [4;36;1mSQL (0.000354)[0m   [0;1mSELECT version FROM schema_migrations[0m
  [4;35;1mSQL (0.000457)[0m   [0mSELECT version FROM schema_migrations[0m
  [4;36;1mSQL (0.000504)[0m   [0;1mSHOW TABLES[0m
  [4;35;1mSQL (0.002297)[0m   [0mSHOW FIELDS FROM `items`[0m
  [4;36;1mSQL (0.002260)[0m   [0;1mdescribe `items`[0m
  [4;35;1mSQL (0.001245)[0m   [0mSHOW KEYS FROM `items`[0m
  [4;36;1mSQL (0.000175)[0m   [0;1mSET SQL_AUTO_IS_NULL=0[0m
  [4;35;1mSQL (0.003267)[0m   [0mDROP DATABASE IF EXISTS `kassi_test`[0m
  [4;36;1mSQL (0.000434)[0m   [0;1mCREATE DATABASE `kassi_test` DEFAULT CHARACTER SET `utf8`[0m
  [4;35;1mSQL (0.000177)[0m   [0mSET SQL_AUTO_IS_NULL=0[0m
  [4;36;1mSQL (0.000498)[0m   [0;1mSHOW TABLES[0m
  [4;35;1mSQL (0.053127)[0m   [0mCREATE TABLE `items` (`id` int(11) DEFAULT NULL auto_increment PRIMARY KEY, `owner_id` varchar(255) DEFAULT NULL NULL, `title` varchar(255) DEFAULT NULL NULL, `created_at` datetime DEFAULT NULL NULL, `updated_at` datetime DEFAULT NULL NULL) ENGINE=InnoDB[0m
  [4;36;1mSQL (0.000930)[0m   [0;1mSHOW TABLES[0m
  [4;35;1mSQL (0.002384)[0m   [0mCREATE TABLE `schema_migrations` (`version` varchar(255) NOT NULL) ENGINE=InnoDB[0m
  [4;36;1mSQL (0.010406)[0m   [0;1mCREATE UNIQUE INDEX `unique_schema_migrations` ON `schema_migrations` (`version`)[0m
  [4;35;1mSQL (0.000710)[0m   [0mSHOW TABLES[0m
  [4;36;1mSQL (0.000549)[0m   [0;1mSELECT version FROM `schema_migrations`[0m
  [4;35;1mSQL (0.005880)[0m   [0mINSERT INTO `schema_migrations` (version) VALUES ('20080806070738')[0m
WARNING: You're using the Ruby-based MySQL library that ships with Rails. This library is not suited for production. Please install the C-based MySQL library instead (gem install mysql).
  [4;36;1mSQL (0.000221)[0m   [0;1mSET SQL_AUTO_IS_NULL=0[0m
  [4;35;1mSQL (0.000909)[0m   [0mSHOW TABLES[0m
  [4;36;1mSQL (0.000490)[0m   [0;1mSELECT version FROM schema_migrations[0m
  [4;35;1mSQL (0.000484)[0m   [0mSELECT version FROM schema_migrations[0m
  [4;36;1mSQL (0.000589)[0m   [0;1mSHOW TABLES[0m
  [4;35;1mSQL (0.002567)[0m   [0mSHOW FIELDS FROM `items`[0m
  [4;36;1mSQL (0.002719)[0m   [0;1mdescribe `items`[0m
  [4;35;1mSQL (0.001408)[0m   [0mSHOW KEYS FROM `items`[0m
  [4;36;1mSQL (0.000195)[0m   [0;1mSET SQL_AUTO_IS_NULL=0[0m
  [4;35;1mSQL (0.058152)[0m   [0mDROP DATABASE IF EXISTS `kassi_test`[0m
  [4;36;1mSQL (0.000646)[0m   [0;1mCREATE DATABASE `kassi_test` DEFAULT CHARACTER SET `utf8`[0m
  [4;35;1mSQL (0.000205)[0m   [0mSET SQL_AUTO_IS_NULL=0[0m
  [4;36;1mSQL (0.000543)[0m   [0;1mSHOW TABLES[0m
  [4;35;1mSQL (0.013219)[0m   [0mCREATE TABLE `items` (`id` int(11) DEFAULT NULL auto_increment PRIMARY KEY, `owner_id` varchar(255) DEFAULT NULL NULL, `title` varchar(255) DEFAULT NULL NULL, `created_at` datetime DEFAULT NULL NULL, `updated_at` datetime DEFAULT NULL NULL) ENGINE=InnoDB[0m
  [4;36;1mSQL (0.000896)[0m   [0;1mSHOW TABLES[0m
  [4;35;1mSQL (0.026638)[0m   [0mCREATE TABLE `schema_migrations` (`version` varchar(255) NOT NULL) ENGINE=InnoDB[0m
  [4;36;1mSQL (0.012430)[0m   [0;1mCREATE UNIQUE INDEX `unique_schema_migrations` ON `schema_migrations` (`version`)[0m
  [4;35;1mSQL (0.000734)[0m   [0mSHOW TABLES[0m
  [4;36;1mSQL (0.000594)[0m   [0;1mSELECT version FROM `schema_migrations`[0m
  [4;35;1mSQL (0.007214)[0m   [0mINSERT INTO `schema_migrations` (version) VALUES ('20080806070738')[0m
WARNING: You're using the Ruby-based MySQL library that ships with Rails. This library is not suited for production. Please install the C-based MySQL library instead (gem install mysql).
  [4;36;1mSQL (0.000186)[0m   [0;1mSET SQL_AUTO_IS_NULL=0[0m
  [4;35;1mSQL (0.000582)[0m   [0mSHOW TABLES[0m
  [4;36;1mSQL (0.000330)[0m   [0;1mSELECT version FROM schema_migrations[0m
  [4;35;1mSQL (0.000577)[0m   [0mSELECT version FROM schema_migrations[0m
  [4;36;1mSQL (0.000520)[0m   [0;1mSHOW TABLES[0m
  [4;35;1mSQL (0.002441)[0m   [0mSHOW FIELDS FROM `items`[0m
  [4;36;1mSQL (0.002358)[0m   [0;1mdescribe `items`[0m
  [4;35;1mSQL (0.001396)[0m   [0mSHOW KEYS FROM `items`[0m
  [4;36;1mSQL (0.000206)[0m   [0;1mSET SQL_AUTO_IS_NULL=0[0m
  [4;35;1mSQL (0.003387)[0m   [0mDROP DATABASE IF EXISTS `kassi_test`[0m
  [4;36;1mSQL (0.000548)[0m   [0;1mCREATE DATABASE `kassi_test` DEFAULT CHARACTER SET `utf8`[0m
  [4;35;1mSQL (0.000182)[0m   [0mSET SQL_AUTO_IS_NULL=0[0m
  [4;36;1mSQL (0.000497)[0m   [0;1mSHOW TABLES[0m
  [4;35;1mSQL (0.002291)[0m   [0mCREATE TABLE `items` (`id` int(11) DEFAULT NULL auto_increment PRIMARY KEY, `owner_id` varchar(255) DEFAULT NULL NULL, `title` varchar(255) DEFAULT NULL NULL, `created_at` datetime DEFAULT NULL NULL, `updated_at` datetime DEFAULT NULL NULL) ENGINE=InnoDB[0m
  [4;36;1mSQL (0.000636)[0m   [0;1mSHOW TABLES[0m
  [4;35;1mSQL (0.057515)[0m   [0mCREATE TABLE `schema_migrations` (`version` varchar(255) NOT NULL) ENGINE=InnoDB[0m
  [4;36;1mSQL (0.011966)[0m   [0;1mCREATE UNIQUE INDEX `unique_schema_migrations` ON `schema_migrations` (`version`)[0m
  [4;35;1mSQL (0.000820)[0m   [0mSHOW TABLES[0m
  [4;36;1mSQL (0.000686)[0m   [0;1mSELECT version FROM `schema_migrations`[0m
  [4;35;1mSQL (0.000812)[0m   [0mINSERT INTO `schema_migrations` (version) VALUES ('20080806070738')[0m
WARNING: You're using the Ruby-based MySQL library that ships with Rails. This library is not suited for production. Please install the C-based MySQL library instead (gem install mysql).
  [4;36;1mSQL (0.000432)[0m   [0;1mSET SQL_AUTO_IS_NULL=0[0m
  [4;35;1mSQL (0.000662)[0m   [0mSHOW TABLES[0m
  [4;36;1mSQL (0.052241)[0m   [0;1mCREATE TABLE `schema_migrations` (`version` varchar(255) NOT NULL) ENGINE=InnoDB[0m
  [4;35;1mSQL (0.024257)[0m   [0mCREATE UNIQUE INDEX `unique_schema_migrations` ON `schema_migrations` (`version`)[0m
  [4;36;1mSQL (0.000862)[0m   [0;1mSHOW TABLES[0m
  [4;35;1mSQL (0.000745)[0m   [0mSELECT version FROM schema_migrations[0m
Migrating to CreateItems (20080806070738)
  [4;36;1mSQL (0.000337)[0m   [0;1mSELECT version FROM schema_migrations[0m
  [4;35;1mSQL (0.006365)[0m   [0mCREATE TABLE `items` (`id` int(11) DEFAULT NULL auto_increment PRIMARY KEY, `owner_id` varchar(255) DEFAULT NULL NULL, `title` varchar(255) DEFAULT NULL NULL, `created_at` datetime DEFAULT NULL NULL, `updated_at` datetime DEFAULT NULL NULL) ENGINE=InnoDB[0m
  [4;36;1mSQL (0.001005)[0m   [0;1mINSERT INTO schema_migrations (version) VALUES ('20080806070738')[0m
  [4;35;1mSQL (0.000454)[0m   [0mSELECT version FROM schema_migrations[0m
  [4;36;1mSQL (0.000596)[0m   [0;1mSHOW TABLES[0m
  [4;35;1mSQL (0.033673)[0m   [0mSHOW FIELDS FROM `items`[0m
  [4;36;1mSQL (0.003752)[0m   [0;1mdescribe `items`[0m
  [4;35;1mSQL (0.002156)[0m   [0mSHOW KEYS FROM `items`[0m
WARNING: You're using the Ruby-based MySQL library that ships with Rails. This library is not suited for production. Please install the C-based MySQL library instead (gem install mysql).
  [4;36;1mSQL (0.000159)[0m   [0;1mSET SQL_AUTO_IS_NULL=0[0m
  [4;35;1mSQL (0.000441)[0m   [0mSHOW TABLES[0m
  [4;36;1mSQL (0.000278)[0m   [0;1mSELECT version FROM schema_migrations[0m
  [4;35;1mSQL (0.000342)[0m   [0mSELECT version FROM schema_migrations[0m
  [4;36;1mSQL (0.000384)[0m   [0;1mSHOW TABLES[0m
  [4;35;1mSQL (0.001821)[0m   [0mSHOW FIELDS FROM `items`[0m
  [4;36;1mSQL (0.002815)[0m   [0;1mdescribe `items`[0m
  [4;35;1mSQL (0.001562)[0m   [0mSHOW KEYS FROM `items`[0m
  [4;36;1mSQL (0.000159)[0m   [0;1mSET SQL_AUTO_IS_NULL=0[0m
  [4;35;1mSQL (0.000419)[0m   [0mDROP DATABASE IF EXISTS `kassi_test`[0m
  [4;36;1mSQL (0.032686)[0m   [0;1mCREATE DATABASE `kassi_test` DEFAULT CHARACTER SET `utf8`[0m
  [4;35;1mSQL (0.000232)[0m   [0mSET SQL_AUTO_IS_NULL=0[0m
  [4;36;1mSQL (0.000649)[0m   [0;1mSHOW TABLES[0m
  [4;35;1mSQL (0.002717)[0m   [0mCREATE TABLE `items` (`id` int(11) DEFAULT NULL auto_increment PRIMARY KEY, `owner_id` varchar(255) DEFAULT NULL NULL, `title` varchar(255) DEFAULT NULL NULL, `created_at` datetime DEFAULT NULL NULL, `updated_at` datetime DEFAULT NULL NULL) ENGINE=InnoDB[0m
  [4;36;1mSQL (0.000992)[0m   [0;1mSHOW TABLES[0m
  [4;35;1mSQL (0.021397)[0m   [0mCREATE TABLE `schema_migrations` (`version` varchar(255) NOT NULL) ENGINE=InnoDB[0m
  [4;36;1mSQL (0.007278)[0m   [0;1mCREATE UNIQUE INDEX `unique_schema_migrations` ON `schema_migrations` (`version`)[0m
  [4;35;1mSQL (0.001341)[0m   [0mSHOW TABLES[0m
  [4;36;1mSQL (0.000628)[0m   [0;1mSELECT version FROM `schema_migrations`[0m
  [4;35;1mSQL (0.000973)[0m   [0mINSERT INTO `schema_migrations` (version) VALUES ('20080806070738')[0m
